url is https://kubernetes.io/
url is https://kubernetes.io/images/favicon.png
url is https://kubernetes.io/docs/home/
url is https://kubernetes.io/partners/
url is https://kubernetes.io/community/
url is https://kubernetes.io/case-studies/
url is https://kubernetes.io/docs/home
url is https://kubernetes.io/docs/tutorials/kubernetes-basics/
url is https://kubernetes.io/docs/tutorials/stateless-application/hello-minikube/
url is https://kubernetes.io/editdocs/
url is https://kubernetes.io/docs/concepts/overview/what-is-kubernetes/
url is https://kubernetes.io/docs/concepts/configuration/manage-compute-resources-container/
url is https://kubernetes.io/docs/concepts/workloads/controllers/replicationcontroller/#what-is-a-replicationcontroller
url is https://kubernetes.io/docs/tasks/run-application/horizontal-pod-autoscale/
url is https://kubernetes.io/docs/concepts/services-networking/service/
url is https://kubernetes.io/docs/concepts/workloads/controllers/deployment/#what-is-a-deployment
url is https://kubernetes.io/docs/concepts/configuration/secret/
url is https://kubernetes.io/docs/tasks/configure-pod-container/configmap/
url is https://kubernetes.io/docs/concepts/storage/persistent-volumes/
url is https://kubernetes.io/docs/concepts/workloads/controllers/jobs-run-to-completion/
url is https://kubernetes.io/case-studies/pearson/
url is https://kubernetes.io/docs/setup/pick-right-solution/
url is https://kubernetes.io/docs/setup/
url is https://kubernetes.io/docs/concepts/
url is https://kubernetes.io/docs/tasks/
url is https://kubernetes.io/docs/tutorials/
url is https://kubernetes.io/docs/reference/
url is https://kubernetes.io/docs/tasks/debug-application-cluster/troubleshooting/
url is https://kubernetes.io/docs/home/contribute/create-pull-request/
url is https://kubernetes.io/docs/home/contribute/write-new-topic/
url is https://kubernetes.io/docs/home/contribute/stage-documentation-changes/
url is https://kubernetes.io/docs/home/contribute/page-templates/
url is https://kubernetes.io/docs/home/contribute/review-issues/
url is https://kubernetes.io/docs/home/contribute/style-guide/
url is https://kubernetes.io/editdocs#docs/home/index.md
url is https://kubernetes.io/docs/getting-started-guides/
url is https://kubernetes.io/docs/tools/
url is https://kubernetes.io/docs/tasks/debug-application-cluster/troubleshooting
url is https://kubernetes.io/case-studies/peardeck/
url is https://kubernetes.io/case-studies/buffer/
url is https://kubernetes.io/case-studies/wink/
url is https://kubernetes.io/case-studies/ancestry/
url is https://kubernetes.io/case-studies/golfnow/
url is https://kubernetes.io/case-studies/wikimedia/
url is https://kubernetes.io/case-studies/box/
url is https://kubernetes.io/docs/tutorials/kubernetes-basics/cluster-intro/
url is https://kubernetes.io/docs/tutorials/kubernetes-basics/cluster-interactive/
url is https://kubernetes.io/docs/tutorials/kubernetes-basics/deploy-intro/
url is https://kubernetes.io/docs/tutorials/kubernetes-basics/deploy-interactive/
url is https://kubernetes.io/docs/tutorials/kubernetes-basics/explore-intro/
url is https://kubernetes.io/docs/tutorials/kubernetes-basics/explore-interactive/
url is https://kubernetes.io/docs/tutorials/kubernetes-basics/expose-intro/
url is https://kubernetes.io/docs/tutorials/kubernetes-basics/expose-interactive/
url is https://kubernetes.io/docs/tutorials/kubernetes-basics/scale-intro/
url is https://kubernetes.io/docs/tutorials/kubernetes-basics/scale-interactive/
url is https://kubernetes.io/docs/tutorials/kubernetes-basics/update-intro/
url is https://kubernetes.io/docs/tutorials/kubernetes-basics/update-interactive/
url is https://kubernetes.io/docs/tutorials/configuration/configure-redis-using-configmap/
url is https://kubernetes.io/docs/tutorials/object-management-kubectl/object-management/
url is https://kubernetes.io/docs/tutorials/object-management-kubectl/imperative-object-management-command/
url is https://kubernetes.io/docs/tutorials/object-management-kubectl/imperative-object-management-configuration/
url is https://kubernetes.io/docs/tutorials/object-management-kubectl/declarative-object-management-configuration/
url is https://kubernetes.io/docs/tasks/run-application/run-stateless-application-deployment/
url is https://kubernetes.io/docs/tutorials/stateless-application/guestbook/
url is https://kubernetes.io/docs/tasks/access-application-cluster/service-access-application-cluster/
url is https://kubernetes.io/docs/tutorials/stateless-application/expose-external-ip-address/
url is https://kubernetes.io/docs/tutorials/stateful-application/basic-stateful-set/
url is https://kubernetes.io/docs/tasks/run-application/run-single-instance-stateful-application/
url is https://kubernetes.io/docs/tasks/run-application/run-replicated-stateful-application/
url is https://kubernetes.io/docs/tutorials/stateful-application/mysql-wordpress-persistent-volume/
url is https://kubernetes.io/docs/tutorials/stateful-application/cassandra/
url is https://kubernetes.io/docs/tutorials/stateful-application/zookeeper/
url is https://kubernetes.io/docs/tutorials/clusters/apparmor/
url is https://kubernetes.io/docs/tutorials/services/source-ip/
url is https://kubernetes.io/docs/concepts/overview/what-is-kubernetes/#why-containers
url is https://kubernetes.io/editdocs#docs/tutorials/stateless-application/hello-minikube.md
url is https://kubernetes.io/docs/getting-started-guides/minikube
url is https://kubernetes.io/docs/getting-started-guides/minikube/
url is https://kubernetes.io/docs/concepts/workloads/pods/pod/
url is https://kubernetes.io/docs/concepts/workloads/controllers/deployment/
url is https://kubernetes.io/docs/user-guide/kubectl-overview/
url is https://kubernetes.io/docs/user-guide/deploying-applications/
url is https://kubernetes.io/editdocs#editdocs.md
url is https://kubernetes.io/docs/concepts/overview/components/
url is https://kubernetes.io/docs/concepts/overview/working-with-objects/kubernetes-objects/
url is https://kubernetes.io/docs/concepts/overview/working-with-objects/names/
url is https://kubernetes.io/docs/concepts/overview/working-with-objects/namespaces/
url is https://kubernetes.io/docs/concepts/overview/working-with-objects/labels/
url is https://kubernetes.io/docs/concepts/overview/working-with-objects/annotations/
url is https://kubernetes.io/docs/concepts/overview/kubernetes-api/
url is https://kubernetes.io/docs/concepts/architecture/nodes/
url is https://kubernetes.io/docs/concepts/architecture/master-node-communication/
url is https://kubernetes.io/docs/concepts/api-extension/custom-resources/
url is https://kubernetes.io/docs/concepts/api-extension/apiserver-aggregation/
url is https://kubernetes.io/docs/concepts/containers/images/
url is https://kubernetes.io/docs/concepts/containers/container-environment-variables/
url is https://kubernetes.io/docs/concepts/containers/container-lifecycle-hooks/
url is https://kubernetes.io/docs/concepts/workloads/pods/pod-overview/
url is https://kubernetes.io/docs/concepts/workloads/pods/pod-lifecycle/
url is https://kubernetes.io/docs/concepts/workloads/pods/init-containers/
url is https://kubernetes.io/docs/concepts/workloads/pods/disruptions/
url is https://kubernetes.io/docs/concepts/workloads/controllers/replicaset/
url is https://kubernetes.io/docs/concepts/workloads/controllers/replicationcontroller/
url is https://kubernetes.io/docs/concepts/workloads/controllers/statefulset/
url is https://kubernetes.io/docs/concepts/workloads/controllers/petset/
url is https://kubernetes.io/docs/concepts/workloads/controllers/daemonset/
url is https://kubernetes.io/docs/concepts/workloads/controllers/garbage-collection/
url is https://kubernetes.io/docs/concepts/workloads/controllers/cron-jobs/
url is https://kubernetes.io/docs/concepts/configuration/overview/
url is https://kubernetes.io/docs/concepts/configuration/assign-pod-node/
url is https://kubernetes.io/docs/concepts/configuration/taint-and-toleration/
url is https://kubernetes.io/docs/concepts/configuration/organize-cluster-access-kubeconfig/
url is https://kubernetes.io/docs/concepts/services-networking/dns-pod-service/
url is https://kubernetes.io/docs/concepts/services-networking/connect-applications-service/
url is https://kubernetes.io/docs/concepts/services-networking/ingress/
url is https://kubernetes.io/docs/concepts/services-networking/network-policies/
url is https://kubernetes.io/docs/concepts/services-networking/add-entries-to-pod-etc-hosts-with-host-aliases/
url is https://kubernetes.io/docs/concepts/storage/volumes/
url is https://kubernetes.io/docs/concepts/cluster-administration/cluster-administration-overview/
url is https://kubernetes.io/docs/concepts/cluster-administration/cloud-providers/
url is https://kubernetes.io/docs/concepts/cluster-administration/manage-deployment/
url is https://kubernetes.io/docs/concepts/cluster-administration/networking/
url is https://kubernetes.io/docs/concepts/cluster-administration/network-plugins/
url is https://kubernetes.io/docs/concepts/cluster-administration/logging/
url is https://kubernetes.io/docs/concepts/cluster-administration/kubelet-garbage-collection/
url is https://kubernetes.io/docs/concepts/cluster-administration/federation/
url is https://kubernetes.io/docs/concepts/cluster-administration/sysctl-cluster/
url is https://kubernetes.io/docs/concepts/cluster-administration/proxies/
url is https://kubernetes.io/docs/concepts/cluster-administration/controller-metrics/
url is https://kubernetes.io/docs/concepts/policy/resource-quotas/
url is https://kubernetes.io/docs/concepts/policy/pod-security-policy/
url is https://kubernetes.io/editdocs#docs/concepts/overview/what-is-kubernetes.md
url is https://kubernetes.io/docs/tasks/configure-pod-container/configure-liveness-readiness-probes/
url is https://kubernetes.io/docs/tasks/run-application/rolling-update-replication-controller/
url is https://kubernetes.io/docs/tasks/debug-application-cluster/resource-usage-monitoring/
url is https://kubernetes.io/docs/tasks/debug-application-cluster/debug-application-introspection/
url is https://kubernetes.io/docs/admin/authorization/
url is https://kubernetes.io/docs/reference/api-overview/
url is https://kubernetes.io/editdocs#docs/concepts/configuration/manage-compute-resources-container.md
url is https://kubernetes.io/docs/user-guide/pods
url is https://kubernetes.io/docs/api/
url is https://kubernetes.io/docs/user-guide/services
url is https://kubernetes.io/docs/resources-reference/v1.7/#nodestatus-v1-core
url is https://kubernetes.io/docs/concepts/storage/volumes/#emptydir
url is https://kubernetes.io/docs/tasks/configure-pod-container/assign-cpu-ram-container/
url is https://kubernetes.io/docs/api-reference/v1.7/#container-v1-core
url is https://kubernetes.io/docs/resources-reference/v1.7/#resourcerequirements-v1-core
url is https://kubernetes.io/editdocs#docs/concepts/workloads/controllers/replicationcontroller.md
url is https://kubernetes.io/docs/user-guide/simple-yaml/
url is https://kubernetes.io/docs/user-guide/configuring-containers/
url is https://kubernetes.io/docs/concepts/tools/kubectl/object-management-overview/
url is https://kubernetes.io/docs/concepts/workloads/pods/pod-overview/#pod-templates
url is https://kubernetes.io/docs/admin/kubelet/
url is https://kubernetes.io/docs/user-guide/labels/#label-selectors
url is https://kubernetes.io/docs/user-guide/kubectl/v1.7/#delete
url is https://kubernetes.io/docs/user-guide/kubectl/v1.7/#rolling-update
url is https://kubernetes.io/docs/api-reference/v1.7/#replicationcontroller-v1-core
url is https://kubernetes.io/docs/user-guide/labels/#set-based-requirement
url is https://kubernetes.io/docs/concepts/jobs/run-to-completion-finite-workloads/
url is https://kubernetes.io/docs/tutorials/stateless-application/run-stateless-ap-replication-controller/
url is https://kubernetes.io/docs/tasks/tools/install-kubectl/
url is https://kubernetes.io/docs/tasks/tools/install-minikube/
url is https://kubernetes.io/docs/setup/independent/install-kubeadm/
url is https://kubernetes.io/docs/tasks/configure-pod-container/assign-memory-resource/
url is https://kubernetes.io/docs/tasks/configure-pod-container/assign-cpu-resource/
url is https://kubernetes.io/docs/tasks/configure-pod-container/quality-service-pod/
url is https://kubernetes.io/docs/tasks/configure-pod-container/opaque-integer-resource/
url is https://kubernetes.io/docs/tasks/configure-pod-container/configure-volume-storage/
url is https://kubernetes.io/docs/tasks/configure-pod-container/configure-persistent-volume-storage/
url is https://kubernetes.io/docs/tasks/configure-pod-container/configure-projected-volume-storage/
url is https://kubernetes.io/docs/tasks/configure-pod-container/security-context/
url is https://kubernetes.io/docs/tasks/configure-pod-container/configure-service-account/
url is https://kubernetes.io/docs/tasks/configure-pod-container/pull-image-private-registry/
url is https://kubernetes.io/docs/tasks/configure-pod-container/assign-pods-nodes/
url is https://kubernetes.io/docs/tasks/configure-pod-container/configure-pod-initialization/
url is https://kubernetes.io/docs/tasks/configure-pod-container/attach-handler-lifecycle-event/
url is https://kubernetes.io/docs/tasks/configure-pod-container/configure-pod-configmap/
url is https://kubernetes.io/docs/tools/kompose/user-guide/
url is https://kubernetes.io/docs/tasks/inject-data-application/define-command-argument-container/
url is https://kubernetes.io/docs/tasks/inject-data-application/define-environment-variable-container/
url is https://kubernetes.io/docs/tasks/inject-data-application/environment-variable-expose-pod-information/
url is https://kubernetes.io/docs/tasks/inject-data-application/downward-api-volume-expose-pod-information/
url is https://kubernetes.io/docs/tasks/inject-data-application/distribute-credentials-secure/
url is https://kubernetes.io/docs/tasks/inject-data-application/podpreset/
url is https://kubernetes.io/docs/tasks/run-application/update-api-object-kubectl-patch/
url is https://kubernetes.io/docs/tasks/run-application/upgrade-pet-set-to-stateful-set/
url is https://kubernetes.io/docs/tasks/run-application/scale-stateful-set/
url is https://kubernetes.io/docs/tasks/run-application/delete-stateful-set/
url is https://kubernetes.io/docs/tasks/run-application/force-delete-stateful-set-pod/
url is https://kubernetes.io/docs/tasks/run-application/horizontal-pod-autoscale-walkthrough/
url is https://kubernetes.io/docs/tasks/run-application/configure-pdb/
url is https://kubernetes.io/docs/tasks/job/parallel-processing-expansion/
url is https://kubernetes.io/docs/tasks/job/coarse-parallel-processing-work-queue/
url is https://kubernetes.io/docs/tasks/job/fine-parallel-processing-work-queue/
url is https://kubernetes.io/docs/tasks/access-application-cluster/web-ui-dashboard/
url is https://kubernetes.io/docs/tasks/access-application-cluster/access-cluster/
url is https://kubernetes.io/docs/tasks/access-application-cluster/configure-access-multiple-clusters/
url is https://kubernetes.io/docs/tasks/access-application-cluster/port-forward-access-application-cluster/
url is https://kubernetes.io/docs/tasks/access-application-cluster/load-balance-access-application-cluster/
url is https://kubernetes.io/docs/tasks/access-application-cluster/connecting-frontend-backend/
url is https://kubernetes.io/docs/tasks/access-application-cluster/create-external-load-balancer/
url is https://kubernetes.io/docs/tasks/access-application-cluster/configure-cloud-provider-firewall/
url is https://kubernetes.io/docs/tasks/access-application-cluster/list-all-running-container-images/
url is https://kubernetes.io/docs/tasks/access-application-cluster/communicate-containers-same-pod-shared-volume/
url is https://kubernetes.io/docs/tasks/debug-application-cluster/get-shell-running-container/
url is https://kubernetes.io/docs/tasks/debug-application-cluster/monitor-node-health/
url is https://kubernetes.io/docs/tasks/debug-application-cluster/logging-stackdriver/
url is https://kubernetes.io/docs/tasks/debug-application-cluster/events-stackdriver/
url is https://kubernetes.io/docs/tasks/debug-application-cluster/logging-elasticsearch-kibana/
url is https://kubernetes.io/docs/tasks/debug-application-cluster/determine-reason-pod-failure/
url is https://kubernetes.io/docs/tasks/debug-application-cluster/debug-init-containers/
url is https://kubernetes.io/docs/tasks/debug-application-cluster/debug-pod-replication-controller/
url is https://kubernetes.io/docs/tasks/debug-application-cluster/debug-service/
url is https://kubernetes.io/docs/tasks/debug-application-cluster/debug-cluster/
url is https://kubernetes.io/docs/tasks/debug-application-cluster/debug-application/
url is https://kubernetes.io/docs/tasks/debug-application-cluster/debug-stateful-set/
url is https://kubernetes.io/docs/tasks/debug-application-cluster/audit/
url is https://kubernetes.io/docs/tasks/access-kubernetes-api/http-proxy-access-api/
url is https://kubernetes.io/docs/tasks/access-kubernetes-api/extend-api-custom-resource-definitions/
url is https://kubernetes.io/docs/tasks/access-kubernetes-api/extend-api-third-party-resource/
url is https://kubernetes.io/docs/tasks/access-kubernetes-api/migrate-third-party-resource/
url is https://kubernetes.io/docs/tasks/access-kubernetes-api/configure-aggregation-layer/
url is https://kubernetes.io/docs/tasks/access-kubernetes-api/setup-extension-api-server/
url is https://kubernetes.io/docs/tasks/tls/managing-tls-in-a-cluster/
url is https://kubernetes.io/docs/tasks/administer-cluster/memory-default-namespace/
url is https://kubernetes.io/docs/tasks/administer-cluster/cpu-default-namespace/
url is https://kubernetes.io/docs/tasks/administer-cluster/memory-constraint-namespace/
url is https://kubernetes.io/docs/tasks/administer-cluster/cpu-constraint-namespace/
url is https://kubernetes.io/docs/tasks/administer-cluster/quota-memory-cpu-namespace/
url is https://kubernetes.io/docs/tasks/administer-cluster/quota-pod-namespace/
url is https://kubernetes.io/docs/tasks/administer-cluster/quota-api-object/
url is https://kubernetes.io/docs/tasks/administer-cluster/opaque-integer-resource-node/
url is https://kubernetes.io/docs/tasks/administer-cluster/access-cluster-api/
url is https://kubernetes.io/docs/tasks/administer-cluster/access-cluster-services/
url is https://kubernetes.io/docs/tasks/administer-cluster/securing-a-cluster/
url is https://kubernetes.io/docs/tasks/administer-cluster/encrypt-data/
url is https://kubernetes.io/docs/tasks/administer-cluster/configure-upgrade-etcd/
url is https://kubernetes.io/docs/tasks/administer-cluster/static-pod/
url is https://kubernetes.io/docs/tasks/administer-cluster/cluster-management/
url is https://kubernetes.io/docs/tasks/administer-cluster/upgrade-1-6/
url is https://kubernetes.io/docs/tasks/administer-cluster/kubeadm-upgrade-1-7/
url is https://kubernetes.io/docs/tasks/administer-cluster/namespaces/
url is https://kubernetes.io/docs/tasks/administer-cluster/namespaces-walkthrough/
url is https://kubernetes.io/docs/tasks/administer-cluster/dns-horizontal-autoscaling/
url is https://kubernetes.io/docs/tasks/administer-cluster/safely-drain-node/
url is https://kubernetes.io/docs/tasks/administer-cluster/out-of-resource/
url is https://kubernetes.io/docs/tasks/administer-cluster/reserve-compute-resources/
url is https://kubernetes.io/docs/tasks/administer-cluster/guaranteed-scheduling-critical-addon-pods/
url is https://kubernetes.io/docs/tasks/administer-cluster/declare-network-policy/
url is https://kubernetes.io/docs/tasks/administer-cluster/calico-network-policy/
url is https://kubernetes.io/docs/tasks/administer-cluster/cilium-network-policy/
url is https://kubernetes.io/docs/tasks/administer-cluster/kube-router-network-policy/
url is https://kubernetes.io/docs/tasks/administer-cluster/romana-network-policy/
url is https://kubernetes.io/docs/tasks/administer-cluster/weave-network-policy/
url is https://kubernetes.io/docs/tasks/administer-cluster/change-pv-reclaim-policy/
url is https://kubernetes.io/docs/tasks/administer-cluster/limit-storage-consumption/
url is https://kubernetes.io/docs/tasks/administer-cluster/change-default-storage-class/
url is https://kubernetes.io/docs/tasks/administer-cluster/running-cloud-controller/
url is https://kubernetes.io/docs/tasks/administer-cluster/highly-available-master/
url is https://kubernetes.io/docs/tasks/administer-cluster/configure-multiple-schedulers/
url is https://kubernetes.io/docs/tasks/administer-cluster/ip-masq-agent/
url is https://kubernetes.io/docs/tasks/administer-cluster/dns-custom-nameservers/
url is https://kubernetes.io/docs/tasks/federation/federation-service-discovery/
url is https://kubernetes.io/docs/tasks/federation/set-up-cluster-federation-kubefed/
url is https://kubernetes.io/docs/tasks/federation/set-up-coredns-provider-federation/
url is https://kubernetes.io/docs/tasks/federation/set-up-placement-policies-federation/
url is https://kubernetes.io/docs/tasks/administer-federation/cluster/
url is https://kubernetes.io/docs/tasks/administer-federation/configmap/
url is https://kubernetes.io/docs/tasks/administer-federation/daemonset/
url is https://kubernetes.io/docs/tasks/administer-federation/deployment/
url is https://kubernetes.io/docs/tasks/administer-federation/events/
url is https://kubernetes.io/docs/tasks/administer-federation/ingress/
url is https://kubernetes.io/docs/tasks/administer-federation/namespaces/
url is https://kubernetes.io/docs/tasks/administer-federation/replicaset/
url is https://kubernetes.io/docs/tasks/administer-federation/secret/
url is https://kubernetes.io/docs/tasks/manage-daemon/update-daemon-set/
url is https://kubernetes.io/docs/tasks/manage-daemon/rollback-daemon-set/
url is https://kubernetes.io/docs/tasks/manage-gpus/scheduling-gpus/
url is https://kubernetes.io/editdocs#docs/tasks/run-application/horizontal-pod-autoscale.md
url is https://kubernetes.io/docs/user-guide/kubectl/v1.6/#autoscale
url is https://kubernetes.io/editdocs#docs/concepts/services-networking/service.md
url is https://kubernetes.io/docs/user-guide/replication-controller
url is https://kubernetes.io/docs/concepts/overview/working-with-objects/labels/#label-selectors
url is https://kubernetes.io/docs/user-guide/namespaces
url is https://kubernetes.io/docs/tasks/configure-pod-container/configure-liveness-readiness-probes/#defining-readiness-probes
url is https://kubernetes.io/docs/api-reference/v1.7/#service-v1-core
url is https://kubernetes.io/docs/tutorials/connecting-apps/connecting-frontend-backend/
url is https://kubernetes.io/editdocs#docs/concepts/workloads/controllers/deployment.md
url is https://kubernetes.io/docs/user-guide/kubectl/v1.7/#rollout
url is https://kubernetes.io/docs/concepts/cluster-administration/manage-deployment/#canary-deployments
url is https://kubernetes.io/docs/tutorials/stateless-application/run-stateless-application-deployment/
url is https://kubernetes.io/docs/concepts/workloads/pods/pod-lifecycle/#container-probes
url is https://kubernetes.io/editdocs#docs/concepts/configuration/secret.md
url is https://kubernetes.io/docs/user-guide/service-accounts
url is https://kubernetes.io/docs/user-guide/kubectl/v1.7/#create
url is https://kubernetes.io/docs/concepts/containers/images/#specifying-imagepullsecrets-on-a-pod
url is https://kubernetes.io/docs/tasks/configure-pod-container/configure-service-account/#adding-imagepullsecrets-to-a-service-account
url is https://kubernetes.io/docs/tasks/run-application/podpreset/
url is https://kubernetes.io/docs/admin/authorization/rbac/
url is https://kubernetes.io/docs/admin/authorization/rbac/#referring-to-resources
url is https://kubernetes.io/editdocs#docs/tasks/configure-pod-container/configmap.md
url is https://kubernetes.io/docs/user-guide/kubectl/v1.6/#describe
url is https://kubernetes.io/docs/user-guide/kubectl/v1.6/#get
url is https://kubernetes.io/docs/tasks/configure-pod-container/configure-pod-configmap
url is https://kubernetes.io/editdocs#docs/concepts/storage/persistent-volumes.md
url is https://kubernetes.io/docs/user-guide/persistent-volumes/walkthrough/
url is https://kubernetes.io/docs/admin/kube-controller-manager/
url is https://kubernetes.io/docs/admin/admission-controllers/#defaultstorageclass
url is https://kubernetes.io/docs/admin/authorization/rbac/#controller-roles
url is https://kubernetes.io/editdocs#docs/concepts/workloads/controllers/jobs-run-to-completion.md
url is https://kubernetes.io/docs/user-guide/simple-yaml
url is https://kubernetes.io/docs/user-guide/configuring-containers
url is https://kubernetes.io/docs/user-guide/working-with-resources
url is https://kubernetes.io/docs/concepts/workloads/pods/pod-lifecycle/#restart-policy
url is https://kubernetes.io/docs/user-guide/pod-states
url is https://kubernetes.io/docs/setup/independent/create-cluster-kubeadm/
url is https://kubernetes.io/docs/getting-started-guides/scratch/
url is https://kubernetes.io/docs/getting-started-guides/alternatives/
url is https://kubernetes.io/docs/getting-started-guides/gce/
url is https://kubernetes.io/docs/getting-started-guides/aws/
url is https://kubernetes.io/docs/getting-started-guides/azure/
url is https://kubernetes.io/docs/getting-started-guides/alibaba-cloud/
url is https://kubernetes.io/docs/getting-started-guides/clc/
url is https://kubernetes.io/docs/getting-started-guides/stackpoint/
url is https://kubernetes.io/docs/getting-started-guides/coreos/
url is https://kubernetes.io/docs/getting-started-guides/ubuntu/
url is https://kubernetes.io/docs/getting-started-guides/kops/
url is https://kubernetes.io/docs/getting-started-guides/kubespray/
url is https://kubernetes.io/docs/getting-started-guides/cloudstack/
url is https://kubernetes.io/docs/getting-started-guides/vsphere/
url is https://kubernetes.io/docs/getting-started-guides/photon-controller/
url is https://kubernetes.io/docs/getting-started-guides/dcos/
url is https://kubernetes.io/docs/getting-started-guides/libvirt-coreos/
url is https://kubernetes.io/docs/getting-started-guides/ovirt/
url is https://kubernetes.io/docs/getting-started-guides/openstack-heat/
url is https://kubernetes.io/docs/getting-started-guides/rkt/
url is https://kubernetes.io/docs/getting-started-guides/rkt/notes/
url is https://kubernetes.io/docs/getting-started-guides/mesos/
url is https://kubernetes.io/docs/getting-started-guides/mesos-docker/
url is https://kubernetes.io/docs/getting-started-guides/coreos/bare_metal_offline/
url is https://kubernetes.io/docs/getting-started-guides/fedora/fedora_ansible_config/
url is https://kubernetes.io/docs/getting-started-guides/fedora/fedora_manual_config/
url is https://kubernetes.io/docs/getting-started-guides/fedora/flannel_multi_node_cluster/
url is https://kubernetes.io/docs/getting-started-guides/centos/centos_manual_config/
url is https://kubernetes.io/docs/getting-started-guides/ubuntu/validation/
url is https://kubernetes.io/docs/getting-started-guides/ubuntu/backups/
url is https://kubernetes.io/docs/getting-started-guides/ubuntu/upgrades/
url is https://kubernetes.io/docs/getting-started-guides/ubuntu/scaling/
url is https://kubernetes.io/docs/getting-started-guides/ubuntu/installation/
url is https://kubernetes.io/docs/getting-started-guides/ubuntu/monitoring/
url is https://kubernetes.io/docs/getting-started-guides/ubuntu/networking/
url is https://kubernetes.io/docs/getting-started-guides/ubuntu/security/
url is https://kubernetes.io/docs/getting-started-guides/ubuntu/storage/
url is https://kubernetes.io/docs/getting-started-guides/ubuntu/troubleshooting/
url is https://kubernetes.io/docs/getting-started-guides/ubuntu/decommissioning/
url is https://kubernetes.io/docs/getting-started-guides/ubuntu/operational-considerations/
url is https://kubernetes.io/docs/getting-started-guides/ubuntu/glossary/
url is https://kubernetes.io/docs/getting-started-guides/ubuntu/local/
url is https://kubernetes.io/docs/getting-started-guides/ubuntu/logging/
url is https://kubernetes.io/docs/getting-started-guides/windows/
url is https://kubernetes.io/docs/admin/node-conformance/
url is https://kubernetes.io/docs/concepts/cluster-administration/addons/
url is https://kubernetes.io/docs/admin/salt/
url is https://kubernetes.io/docs/admin/cluster-large/
url is https://kubernetes.io/docs/admin/multiple-zones/
url is https://kubernetes.io/docs/admin/high-availability/
url is https://kubernetes.io/docs/getting-started-guides/binary_release/
url is https://kubernetes.io/editdocs#docs/setup/pick-right-solution.md
url is https://kubernetes.io/docs/getting-started-guides/kubeadm/
url is https://kubernetes.io/docs/getting-started-guides/ubuntu/local
url is https://kubernetes.io/docs/getting-started-guides/gce
url is https://kubernetes.io/docs/getting-started-guides/aws
url is https://kubernetes.io/docs/getting-started-guides/azure
url is https://kubernetes.io/docs/getting-started-guides/clc
url is https://kubernetes.io/docs/getting-started-guides/scratch
url is https://kubernetes.io/docs/getting-started-guides/coreos
url is https://kubernetes.io/docs/getting-started-guides/cloudstack
url is https://kubernetes.io/docs/getting-started-guides/vsphere
url is https://kubernetes.io/docs/getting-started-guides/photon-controller
url is https://kubernetes.io/docs/getting-started-guides/libvirt-coreos
url is https://kubernetes.io/docs/getting-started-guides/ovirt
url is https://kubernetes.io/docs/getting-started-guides/openstack-heat
url is https://kubernetes.io/docs/getting-started-guides/fedora/flannel_multi_node_cluster
url is https://kubernetes.io/docs/getting-started-guides/coreos/bare_metal_offline
url is https://kubernetes.io/docs/getting-started-guides/fedora/fedora_ansible_config
url is https://kubernetes.io/docs/getting-started-guides/fedora/fedora_manual_config
url is https://kubernetes.io/docs/getting-started-guides/centos/centos_manual_config
url is https://kubernetes.io/docs/getting-started-guides/mesos
url is https://kubernetes.io/docs/getting-started-guides/dcos
url is https://kubernetes.io/docs/getting-started-guides/mesos-docker
url is https://kubernetes.io/docs/getting-started-guides/ubuntu
url is https://kubernetes.io/editdocs#docs/setup/index.md
url is https://kubernetes.io/editdocs#docs/concepts/index.md
url is https://kubernetes.io/docs/admin/kube-apiserver/
url is https://kubernetes.io/docs/admin/kube-scheduler/
url is https://kubernetes.io/docs/admin/kube-proxy/
url is https://kubernetes.io/docs/concepts/abstractions/overview/
url is https://kubernetes.io/editdocs#docs/tasks/index.md
url is https://kubernetes.io/editdocs#docs/tutorials/index.md
url is https://kubernetes.io/docs/tutorials/stateless-application/expose-external-ip-address-service/
url is https://kubernetes.io/docs/tutorials/stateful-application/run-stateful-application/
url is https://kubernetes.io/docs/tutorials/stateful-application/run-replicated-stateful-application/
url is https://kubernetes.io/docs/reference/client-libraries/
url is https://kubernetes.io/docs/admin/accessing-the-api/
url is https://kubernetes.io/docs/admin/authentication/
url is https://kubernetes.io/docs/admin/bootstrap-tokens/
url is https://kubernetes.io/docs/admin/admission-controllers/
url is https://kubernetes.io/docs/admin/extensible-admission-controllers/
url is https://kubernetes.io/docs/admin/service-accounts-admin/
url is https://kubernetes.io/docs/admin/authorization/abac/
url is https://kubernetes.io/docs/admin/authorization/node/
url is https://kubernetes.io/docs/admin/authorization/webhook/
url is https://kubernetes.io/docs/reference/deprecation-policy/
url is https://kubernetes.io/docs/api-reference/v1.7/
url is https://kubernetes.io/docs/api-reference/v1.6/
url is https://kubernetes.io/docs/api-reference/v1.5/
url is https://kubernetes.io/docs/reference/labels-annotations-taints/
url is https://kubernetes.io/docs/reference/federation/v1/operations/
url is https://kubernetes.io/docs/reference/federation/v1/definitions/
url is https://kubernetes.io/docs/reference/federation/extensions/v1beta1/operations/
url is https://kubernetes.io/docs/reference/federation/extensions/v1beta1/definitions/
url is https://kubernetes.io/docs/user-guide/kubectl/v1.7/
url is https://kubernetes.io/docs/user-guide/kubectl/v1.6/
url is https://kubernetes.io/docs/user-guide/kubectl/v1.5/
url is https://kubernetes.io/docs/user-guide/docker-cli-to-kubectl/
url is https://kubernetes.io/docs/user-guide/kubectl-conventions/
url is https://kubernetes.io/docs/user-guide/jsonpath/
url is https://kubernetes.io/docs/user-guide/kubectl-cheatsheet/
url is https://kubernetes.io/docs/admin/kubeadm/
url is https://kubernetes.io/docs/admin/kubefed/
url is https://kubernetes.io/docs/admin/kubefed_options/
url is https://kubernetes.io/docs/admin/kubefed_init/
url is https://kubernetes.io/docs/admin/kubefed_join/
url is https://kubernetes.io/docs/admin/kubefed_unjoin/
url is https://kubernetes.io/docs/admin/kubefed_version/
url is https://kubernetes.io/docs/admin/federation-apiserver/
url is https://kubernetes.io/docs/admin/federation-controller-manager/
url is https://kubernetes.io/docs/admin/ovs-networking/
url is https://kubernetes.io/security/
url is https://kubernetes.io/editdocs#docs/reference/index.md
url is https://kubernetes.io/docs/user-guide/kubectl-overview
url is https://kubernetes.io/editdocs#docs/tasks/debug-application-cluster/troubleshooting.md
url is https://kubernetes.io/editdocs#docs/home/contribute/create-pull-request.md
url is https://kubernetes.io/docs/home/contribute/write-new-topic
url is https://kubernetes.io/docs/home/contribute/stage-documentation-changes
url is https://kubernetes.io/editdocs#docs/home/contribute/write-new-topic.md
url is https://kubernetes.io/editdocs#docs/home/contribute/stage-documentation-changes.md
url is https://kubernetes.io/editdocs#docs/home/contribute/page-templates.md
url is https://kubernetes.io/docs/tasks/access-kubernetes-api/http-proxy-access-api
url is https://kubernetes.io/editdocs#docs/home/contribute/review-issues.md
url is https://kubernetes.io/editdocs#docs/home/contribute/style-guide.md
url is https://kubernetes.io/docs/search/
url is https://kubernetes.io/editdocs#docs/tools/index.md
url is https://kubernetes.io/docs/user-guide/kubectl/
url is https://kubernetes.io/docs/tutorials/federation/set-up-cluster-federation-kubefed/
url is https://kubernetes.io/docs/tasks/web-ui-dashboard/
url is https://kubernetes.io
url is https://kubernetes.io/docs/user-guide/replication-controller/#what-is-a-replicationcontroller
url is https://kubernetes.io/docs/concepts/configuration/overview/#general-config-tips
url is https://kubernetes.io/docs/concepts/services-networking/connect-applications-service
url is https://kubernetes.io/docs/concepts/overview/working-with-objects/labels
url is https://kubernetes.io/editdocs#docs/tutorials/configuration/configure-redis-using-configmap.md
url is https://kubernetes.io/editdocs#docs/tutorials/object-management-kubectl/object-management.md
url is https://kubernetes.io/docs/resources-reference/v1.7/
url is https://kubernetes.io/editdocs#docs/tutorials/object-management-kubectl/imperative-object-management-command.md
url is https://kubernetes.io/editdocs#docs/tutorials/object-management-kubectl/imperative-object-management-configuration.md
url is https://kubernetes.io/editdocs#docs/tutorials/object-management-kubectl/declarative-object-management-configuration.md
url is https://kubernetes.io/editdocs#docs/tasks/run-application/run-stateless-application-deployment.md
url is https://kubernetes.io/editdocs#docs/tutorials/stateless-application/guestbook.md
url is https://kubernetes.io/docs/tutorials/stateless-application/guestbook/redis-master-deployment.yaml
url is https://kubernetes.io/docs/tutorials/stateless-application/guestbook/redis-master-service.yaml
url is https://kubernetes.io/docs/tutorials/stateless-application/guestbook/redis-slave-deployment.yaml
url is https://kubernetes.io/docs/tutorials/stateless-application/guestbook/redis-slave-service.yaml
url is https://kubernetes.io/docs/tutorials/stateless-application/guestbook/frontend-deployment.yaml
url is https://kubernetes.io/docs/tutorials/stateless-application/guestbook/frontend-service.yaml
url is https://kubernetes.io/docs/concepts/services-networking/service/#publishing-services---service-types
url is https://kubernetes.io/docs/tutorials/stateful-application/mysql-wordpress-persistent-volume/#visit-your-new-wordpress-blog
url is https://kubernetes.io/docs/concepts/cluster-administration/manage-deployment/#using-labels-effectively
url is https://kubernetes.io/editdocs#docs/tasks/access-application-cluster/service-access-application-cluster.md
url is https://kubernetes.io/docs/user-guide/services/operations
url is https://kubernetes.io/editdocs#docs/tutorials/stateless-application/expose-external-ip-address.md
url is https://kubernetes.io/editdocs#docs/tutorials/stateful-application/basic-stateful-set.md
url is https://kubernetes.io/docs/concepts/abstractions/controllers/statefulsets/
url is https://kubernetes.io/docs/user-guide/pods/single-container/
url is https://kubernetes.io/docs/concepts/services-networking/service/#headless-services
url is https://kubernetes.io/docs/user-guide/kubectl
url is https://kubernetes.io/docs/user-guide/services/#headless-services
url is https://kubernetes.io/docs/user-guide/kubectl/v1.7/#get
url is https://kubernetes.io/docs/user-guide/kubectl/v1.7/#exec
url is https://kubernetes.io/docs/user-guide/kubectl/v1.7/#run
url is https://kubernetes.io/docs/user-guide/kubectl/v1.7/#scale
url is https://kubernetes.io/docs/user-guide/kubectl/v1.7/#patch
url is https://kubernetes.io/editdocs#docs/tasks/run-application/run-single-instance-stateful-application.md
url is https://kubernetes.io/docs/user-guide/persistent-volumes/#types-of-persistent-volumes
url is https://kubernetes.io/docs/user-guide/kubectl/v1.6/#run
url is https://kubernetes.io/editdocs#docs/tasks/run-application/run-replicated-stateful-application.md
url is https://kubernetes.io/docs/user-guide/persistent-volumes/#storageclasses
url is https://kubernetes.io/docs/user-guide/persistent-volumes/#provisioning
url is https://kubernetes.io/docs/user-guide/persistent-volumes/#persistentvolumeclaims
url is https://kubernetes.io/docs/user-guide/production-pods/#handling-initialization
url is https://kubernetes.io/docs/concepts/abstractions/controllers/statefulsets/#deployment-and-scaling-guarantee
url is https://kubernetes.io/docs/user-guide/production-pods/#liveness-and-readiness-probes-aka-health-checks
url is https://kubernetes.io/docs/user-guide/kubectl/v1.6/#drain
url is https://kubernetes.io/editdocs#docs/tutorials/stateful-application/mysql-wordpress-persistent-volume.md
url is https://kubernetes.io/docs/concepts/storage/persistent-volumes/#persistentvolumeclaims
url is https://kubernetes.io/docs/tutorials/stateful-application/mysql-wordpress-persistent-volume/local-volumes.yaml
url is https://kubernetes.io/docs/tutorials/stateful-application/mysql-wordpress-persistent-volume/mysql-deployment.yaml
url is https://kubernetes.io/docs/tutorials/stateful-application/mysql-wordpress-persistent-volume/wordpress-deployment.yaml
url is https://kubernetes.io/docs/concepts/storage/persistent-volumes/#types-of-persistent-volumes
url is https://kubernetes.io/docs/concepts/storage/volumes/#hostpath
url is https://kubernetes.io/editdocs#docs/tutorials/stateful-application/cassandra.md
url is https://kubernetes.io/docs/tutorials/stateful-application/cassandra/cassandra-service.yaml
url is https://kubernetes.io/docs/tutorials/stateful-application/cassandra/cassandra-statefulset.yaml
url is https://kubernetes.io/editdocs#docs/tutorials/stateful-application/zookeeper.md
url is https://kubernetes.io/docs/admin/disruptions/#specifying-a-poddisruptionbudget
url is https://kubernetes.io/docs/user-guide/node-selection/#inter-pod-affinity-and-anti-affinity-beta-feature
url is https://kubernetes.io/docs/user-guide/kubectl/v1.7/#logs
url is https://kubernetes.io/docs/user-guide/pod-states/#restartpolicy
url is https://kubernetes.io/docs/user-guide/kubectl/v1.7/#cordon
url is https://kubernetes.io/docs/user-guide/kubectl/v1.7/#drain
url is https://kubernetes.io/docs/user-guide/kubectl/v1.7/#uncordon
url is https://kubernetes.io/editdocs#docs/tutorials/clusters/apparmor.md
url is https://kubernetes.io/editdocs#docs/tutorials/services/source-ip.md
url is https://kubernetes.io/docs/concepts/services-networking/service/#virtual-ips-and-service-proxies
url is https://kubernetes.io/docs/user-guide/services/#proxy-mode-iptables
url is https://kubernetes.io/docs/user-guide/services/#type-nodeport
url is https://kubernetes.io/docs/tasks/access-application-cluster/create-external-load-balancer/#preserving-the-client-source-ip
url is https://kubernetes.io/docs/user-guide/services/#type-loadbalancer
url is https://kubernetes.io/docs/user-guide/load-balancer
url is https://kubernetes.io/editdocs#docs/getting-started-guides/minikube.md
url is https://kubernetes.io/docs/user-guide/kubectl/v1.6/#-em-set-context-em-
url is https://kubernetes.io/editdocs#docs/concepts/workloads/pods/pod.md
url is https://kubernetes.io/docs/concepts/containers/container-lifecycle-hooks/#hook-details
url is https://kubernetes.io/docs/concepts/workloads/pods/pod/#force-deletion-of-pods
url is https://kubernetes.io/docs/api-reference/v1.7/#pod-v1-core
url is https://kubernetes.io/editdocs#docs/user-guide/kubectl-overview.md
url is https://kubernetes.io/docs/tasks/kubectl/install/
url is https://kubernetes.io/docs/user-guide/jsonpath
url is https://kubernetes.io/editdocs#docs/concepts/overview/components.md
url is https://kubernetes.io/docs/admin/high-availability
url is https://kubernetes.io/docs/admin/kube-apiserver
url is https://kubernetes.io/docs/tasks/administer-cluster/configure-upgrade-etcd
url is https://kubernetes.io/docs/admin/kube-controller-manager
url is https://kubernetes.io/docs/admin/kube-scheduler
url is https://kubernetes.io/docs/tasks/debug-application-cluster/resource-usage-monitoring
url is https://kubernetes.io/docs/concepts/cluster-administration/logging
url is https://kubernetes.io/docs/admin/kubelet
url is https://kubernetes.io/docs/admin/kube-proxy
url is https://kubernetes.io/editdocs#docs/concepts/overview/working-with-objects/kubernetes-objects.md
url is https://kubernetes.io/docs/concepts/abstractions/pod/
url is https://kubernetes.io/editdocs#docs/concepts/overview/working-with-objects/names.md
url is https://kubernetes.io/docs/user-guide/labels
url is https://kubernetes.io/docs/user-guide/annotations
url is https://kubernetes.io/editdocs#docs/concepts/overview/working-with-objects/namespaces.md
url is https://kubernetes.io/docs/admin/namespaces
url is https://kubernetes.io/docs/admin/dns
url is https://kubernetes.io/docs/admin/node
url is https://kubernetes.io/editdocs#docs/concepts/overview/working-with-objects/labels.md
url is https://kubernetes.io/docs/user-guide/identifiers
url is https://kubernetes.io/docs/user-guide/node-selection
url is https://kubernetes.io/editdocs#docs/concepts/overview/working-with-objects/annotations.md
url is https://kubernetes.io/docs/user-guide/labels/
url is https://kubernetes.io/editdocs#docs/concepts/overview/kubernetes-api.md
url is https://kubernetes.io/docs/reference
url is https://kubernetes.io/docs/admin/accessing-the-api
url is https://kubernetes.io/editdocs#docs/concepts/architecture/nodes.md
url is https://kubernetes.io/docs/concepts/configuration/taint-and-toleration
url is https://kubernetes.io/docs/api-reference/v1.7/#node-v1-core
url is https://kubernetes.io/editdocs#docs/concepts/architecture/master-node-communication.md
url is https://kubernetes.io/docs/admin/authentication/#anonymous-requests
url is https://kubernetes.io/docs/admin/authentication/#service-account-tokens
url is https://kubernetes.io/docs/admin/kubelet-tls-bootstrapping/
url is https://kubernetes.io/docs/concepts/architecture/master-node-communication/#ssh-tunnels
url is https://kubernetes.io/docs/admin/kubelet-authentication-authorization/
url is https://kubernetes.io/editdocs#docs/concepts/api-extension/custom-resources.md
url is https://kubernetes.io/docs/concepts/overview/working-with-objects/kubernetes-objects/#understanding-kubernetes-objects
url is https://kubernetes.io/editdocs#docs/concepts/api-extension/apiserver-aggregation.md
url is https://kubernetes.io/editdocs#docs/concepts/containers/images.md
url is https://kubernetes.io/docs/admin/admission-controllers/#alwayspullimages
url is https://kubernetes.io/docs/concepts/configuration/overview/#container-images
url is https://kubernetes.io/docs/user-guide/secrets/#creating-a-secret-manually
url is https://kubernetes.io/editdocs#docs/concepts/containers/container-environment-variables.md
url is https://kubernetes.io/docs/concepts/containers/images
url is https://kubernetes.io/docs/concepts/storage/volumes
url is https://kubernetes.io/docs/tasks/configure-pod-container/downward-api-volume-expose-pod-information
url is https://kubernetes.io/editdocs#docs/concepts/containers/container-lifecycle-hooks.md
url is https://kubernetes.io/docs/concepts/workloads/pods/pod/#termination-of-pods
url is https://kubernetes.io/editdocs#docs/concepts/workloads/pods/pod-overview.md
url is https://kubernetes.io/editdocs#docs/concepts/workloads/pods/pod-lifecycle.md
url is https://kubernetes.io/docs/resources-reference/v1.7/#podstatus-v1-core
url is https://kubernetes.io/docs/resources-reference/v1.7/#podcondition-v1-core
url is https://kubernetes.io/docs/resources-reference/v1.7/#probe-v1-core
url is https://kubernetes.io/docs/resources-reference/v1.7/#execaction-v1-core
url is https://kubernetes.io/docs/resources-reference/v1.7/#tcpsocketaction-v1-core
url is https://kubernetes.io/docs/resources-reference/v1.7/#httpgetaction-v1-core
url is https://kubernetes.io/docs/resources-reference/v1.7/#containerstatus-v1-core
url is https://kubernetes.io/docs/user-guide/pods/#durability-of-pods-or-lack-thereof
url is https://kubernetes.io/editdocs#docs/concepts/workloads/pods/init-containers.md
url is https://kubernetes.io/docs/tasks/#handling-initialization
url is https://kubernetes.io/docs/tasks/configure-pod-container/configure-pod-initialization/#creating-a-pod-that-has-an-init-container
url is https://kubernetes.io/editdocs#docs/concepts/workloads/pods/disruptions.md
url is https://kubernetes.io/docs/tasks/administer-cluster/cluster-management/#cluster-autoscaler
url is https://kubernetes.io/docs/tasks/configure-pod-container/assign-cpu-ram-container
url is https://kubernetes.io/docs/admin/multiple-zones
url is https://kubernetes.io/docs/tasks/administer-cluster/safely-drain-node/#the-eviction-api
url is https://kubernetes.io/docs/concepts/workloads/controllers/deployment/#updating-a-deployment
url is https://kubernetes.io/docs/resources-reference/v1.7/#podspec-v1-core
url is https://kubernetes.io/editdocs#docs/concepts/workloads/controllers/replicaset.md
url is https://kubernetes.io/editdocs#docs/concepts/workloads/controllers/statefulset.md
url is https://kubernetes.io/docs/tasks/manage-stateful-set/upgrade-pet-set-to-stateful-set/
url is https://kubernetes.io/docs/tutorials/stateful-application/basic-stateful-set
url is https://kubernetes.io/editdocs#docs/concepts/workloads/controllers/petset.md
url is https://kubernetes.io/docs/concepts/abstractions/controllers/statefulsets
url is https://kubernetes.io/docs/tutorials/stateful-application/run-replicated-stateful-application
url is https://kubernetes.io/docs/tasks/configure-pod-container/downward-api-volume-expose-pod-information/
url is https://kubernetes.io/docs/user-guide/environment-guide
url is https://kubernetes.io/editdocs#docs/concepts/workloads/controllers/daemonset.md
url is https://kubernetes.io/docs/admin/node/#manual-node-administration
url is https://kubernetes.io/docs/concepts/configuration/assign-pod-node/#taints-and-tolerations-beta-feature
url is https://kubernetes.io/docs/concepts/cluster-administration/static-pod/
url is https://kubernetes.io/editdocs#docs/concepts/workloads/controllers/garbage-collection.md
url is https://kubernetes.io/editdocs#docs/concepts/workloads/controllers/cron-jobs.md
url is https://kubernetes.io/docs/admin/cluster-management/#turn-on-or-off-an-api-version-for-your-cluster
url is https://kubernetes.io/docs/user-guide/deploying-applications
url is https://kubernetes.io/docs/concepts/jobs/run-to-completion-finite-workloads/#writing-a-job-spec
url is https://kubernetes.io/editdocs#docs/concepts/configuration/overview.md
url is https://kubernetes.io/docs/concepts/overview/kubernetes-api/#api-groups
url is https://kubernetes.io/docs/user-guide/quick-start/
url is https://kubernetes.io/editdocs#docs/concepts/configuration/assign-pod-node.md
url is https://kubernetes.io/docs/concepts/nodes/node/
url is https://kubernetes.io/docs/tutorials/stateful-application/zookeeper/#tolerating-node-failure
url is https://kubernetes.io/editdocs#docs/concepts/configuration/taint-and-toleration.md
url is https://kubernetes.io/docs/concepts/configuration/assign-pod-node/#node-affinity-beta-feature
url is https://kubernetes.io/docs/user-guide/kubectl/v1.7/#taint
url is https://kubernetes.io/docs/concepts/configuration/manage-compute-resources-container/#opaque-integer-resources-alpha-feature
url is https://kubernetes.io/editdocs#docs/concepts/configuration/organize-cluster-access-kubeconfig.md
url is https://kubernetes.io/docs/tasks/access-application-cluster/configure-access-multiple-clusters
url is https://kubernetes.io/docs/tasks/access-application-cluster/configure-access-multiple-clusters/#set-the-kubeconfig-environment-variable
url is https://kubernetes.io/editdocs#docs/concepts/services-networking/dns-pod-service.md
url is https://kubernetes.io/editdocs#docs/concepts/services-networking/connect-applications-service.md
url is https://kubernetes.io/docs/concepts/cluster-administration/networking/#how-to-achieve-this
url is https://kubernetes.io/docs/user-guide/services/#virtual-ips-and-service-proxies
url is https://kubernetes.io/docs/user-guide/secrets
url is https://kubernetes.io/docs/concepts/cluster-administration/federation-service-discovery/
url is https://kubernetes.io/docs/user-guide/production-pods
url is https://kubernetes.io/editdocs#docs/concepts/services-networking/ingress.md
url is https://kubernetes.io/editdocs#docs/concepts/services-networking/network-policies.md
url is https://kubernetes.io/docs/api-reference/v1.7/#networkpolicy-v1-networking
url is https://kubernetes.io/docs/getting-started-guides/network-policy/walkthrough
url is https://kubernetes.io/editdocs#docs/concepts/services-networking/add-entries-to-pod-etc-hosts-with-host-aliases.md
url is https://kubernetes.io/editdocs#docs/concepts/storage/volumes.md
url is https://kubernetes.io/docs/user-guide/security-context
url is https://kubernetes.io/docs/user-guide/persistent-volumes
url is https://kubernetes.io/docs/user-guide/persistent-volumes/#scaleio
url is https://kubernetes.io/docs/user-guide/compute-resources
url is https://kubernetes.io/editdocs#docs/concepts/cluster-administration/cluster-administration-overview.md
url is https://kubernetes.io/docs/user-guide/
url is https://kubernetes.io/docs/admin/multi-cluster
url is https://kubernetes.io/docs/admin/networking
url is https://kubernetes.io/docs/admin/cluster-components
url is https://kubernetes.io/docs/admin/salt
url is https://kubernetes.io/docs/concepts/cluster-administration/cluster-management/
url is https://kubernetes.io/docs/admin/authentication
url is https://kubernetes.io/docs/admin/authorization
url is https://kubernetes.io/docs/admin/admission-controllers
url is https://kubernetes.io/docs/concepts/cluster-administration/master-node-communication/
url is https://kubernetes.io/editdocs#docs/concepts/cluster-administration/cloud-providers.md
url is https://kubernetes.io/docs/tasks/access-application-cluster/create-external-load-balancer
url is https://kubernetes.io/editdocs#docs/concepts/cluster-administration/manage-deployment.md
url is https://kubernetes.io/docs/user-guide/kubectl/v1.7/#label
url is https://kubernetes.io/docs/user-guide/kubectl/v1.7/#annotate
url is https://kubernetes.io/docs/user-guide/kubectl/v1.7/#apply
url is https://kubernetes.io/docs/user-guide/kubectl/v1.7/#edit
url is https://kubernetes.io/editdocs#docs/concepts/cluster-administration/networking.md
url is https://kubernetes.io/docs/admin/ovs-networking
url is https://kubernetes.io/editdocs#docs/concepts/cluster-administration/network-plugins.md
url is https://kubernetes.io/editdocs#docs/concepts/cluster-administration/logging.md
url is https://kubernetes.io/docs/concepts/cluster-administration/counter-pod.yaml
url is https://kubernetes.io/docs/user-guide/logging/stackdriver
url is https://kubernetes.io/docs/user-guide/logging/elasticsearch
url is https://kubernetes.io/editdocs#docs/concepts/cluster-administration/kubelet-garbage-collection.md
url is https://kubernetes.io/docs/concepts/cluster-administration/out-of-resource/
url is https://kubernetes.io/editdocs#docs/concepts/cluster-administration/federation.md
url is https://kubernetes.io/docs/admin/federation/
url is https://kubernetes.io/docs/reference/federation/
url is https://kubernetes.io/editdocs#docs/concepts/cluster-administration/sysctl-cluster.md
url is https://kubernetes.io/docs/user-guide/kubectl/v1.6/#taint
url is https://kubernetes.io/editdocs#docs/concepts/cluster-administration/proxies.md
url is https://kubernetes.io/docs/user-guide/services/#ips-and-vips
url is https://kubernetes.io/editdocs#docs/concepts/cluster-administration/controller-metrics.md
url is https://kubernetes.io/editdocs#docs/concepts/policy/resource-quotas.md
url is https://kubernetes.io/docs/admin/admission-controllers/#resourcequota
url is https://kubernetes.io/editdocs#docs/concepts/policy/pod-security-policy.md
url is https://kubernetes.io/editdocs#docs/tasks/configure-pod-container/configure-liveness-readiness-probes.md
url is https://kubernetes.io/docs/api-reference/v1.7/#containerport-v1-core
url is https://kubernetes.io/docs/api-reference/v1.7/#probe-v1-core
url is https://kubernetes.io/docs/api-reference/v1.7/#httpgetaction-v1-core
url is https://kubernetes.io/editdocs#docs/tasks/run-application/rolling-update-replication-controller.md
url is https://kubernetes.io/docs/api-reference/v1.7/#deployment-v1beta1-apps
url is https://kubernetes.io/docs/api-reference/v1.7/#replicaset-v1beta1-extensions
url is https://kubernetes.io/docs/user-guide/kubectl/v1.6/#rolling-update
url is https://kubernetes.io/docs/tutorials/stateless-application/run-stateless-ap-replication-controller/#replication-controller-configuration-file
url is https://kubernetes.io/editdocs#docs/tasks/debug-application-cluster/resource-usage-monitoring.md
url is https://kubernetes.io/docs/troubleshooting/
url is https://kubernetes.io/editdocs#docs/tasks/debug-application-cluster/debug-application-introspection.md
url is https://kubernetes.io/docs/user-guide/logging/overview
url is https://kubernetes.io/docs/user-guide/monitoring
url is https://kubernetes.io/docs/user-guide/getting-into-containers
url is https://kubernetes.io/docs/user-guide/connecting-to-applications-proxy
url is https://kubernetes.io/docs/user-guide/connecting-to-applications-port-forward
url is https://kubernetes.io/editdocs#docs/admin/authorization/index.md
url is https://kubernetes.io/docs/admin/authorization/rbac/#privilege-escalation-prevention-and-bootstrapping
url is https://kubernetes.io/editdocs#docs/reference/api-overview.md
url is https://kubernetes.io/docs/tasks/inject-data-application/define-command-argument-container/#running-a-command-in-a-shell
url is https://kubernetes.io/docs/concepts/containers/images#updating-images
url is https://kubernetes.io/docs/concepts/workloads/pods/pod-lifecycle#container-probes
url is https://kubernetes.io/docs/concepts/storage/persistent-volumes#resources
url is https://kubernetes.io/docs/concepts/policy/security-context/
catch 404 error: https://kubernetes.io/docs/concepts/policy/security-context/
url is https://kubernetes.io/docs/concepts/workloads/controllers/replicationcontroller#pod-template
url is https://kubernetes.io/docs/concepts/containers/images#specifying-imagepullsecrets-on-a-pod
url is https://kubernetes.io/docs/concepts/workloads/pods/pod-lifecycle#pod-conditions
url is https://kubernetes.io/docs/concepts/workloads/pods/pod-lifecycle#pod-and-container-status
url is https://kubernetes.io/docs/concepts/workloads/pods/pod-lifecycle#pod-phase
url is https://kubernetes.io/docs/concepts/workloads/controllers/replicationcontroller
url is https://kubernetes.io/docs/concepts/workloads/controllers/replicationcontroller#what-is-a-replicationcontroller
url is https://kubernetes.io/docs/concepts/configuration/secret
url is https://kubernetes.io/docs/concepts/storage/persistent-volumes#persistentvolumeclaims
url is https://kubernetes.io/docs/concepts/storage/persistent-volumes#access-modes-1
url is https://kubernetes.io/docs/concepts/storage/persistent-volumes#class-1
url is https://kubernetes.io/docs/concepts/storage/volumes#awselasticblockstore
url is https://kubernetes.io/docs/concepts/storage/volumes#emptydir
url is https://kubernetes.io/docs/concepts/storage/volumes#gcepersistentdisk
url is https://kubernetes.io/docs/concepts/storage/volumes#hostpath
url is https://kubernetes.io/docs/concepts/overview/working-with-objects/names/#names
url is https://kubernetes.io/docs/concepts/storage/volumes#nfs
url is https://kubernetes.io/docs/concepts/storage/volumes#secret
url is https://kubernetes.io/docs/concepts/nodes/node/#manual-node-administration
url is https://kubernetes.io/docs/concepts/nodes/node/#addresses
url is https://kubernetes.io/docs/concepts/storage/persistent-volumes#capacity
url is https://kubernetes.io/docs/concepts/nodes/node/#condition
url is https://kubernetes.io/docs/concepts/nodes/node/#info
url is https://kubernetes.io/docs/concepts/nodes/node/#phase
url is https://kubernetes.io/docs/concepts/storage/persistent-volumes
url is https://kubernetes.io/docs/concepts/storage/persistent-volumes#persistent-volumes
url is https://kubernetes.io/docs/concepts/storage/persistent-volumes#access-modes
url is https://kubernetes.io/docs/concepts/storage/persistent-volumes#binding
url is https://kubernetes.io/docs/concepts/storage/persistent-volumes#reclaiming
url is https://kubernetes.io/docs/concepts/storage/persistent-volumes#phase
url is https://kubernetes.io/docs/concepts/storage/volumes#iscsi
url is https://kubernetes.io/docs/concepts/containers/container-lifecycle-hooks/#container-hooks
url is https://kubernetes.io/docs/concepts/overview/working-with-objects/names/#uids
url is https://kubernetes.io/docs/concepts/storage/volumes#rbd
url is https://kubernetes.io/docs/concepts/services-networking/service/#type-nodeport
url is https://kubernetes.io/docs/concepts/services-networking/service/#defining-a-service
url is https://kubernetes.io/editdocs#docs/tasks/configure-pod-container/assign-memory-resource.md
error,can't tarnsfer to sync.Maperror,can't tarnsfer to sync.Mapurl is https://kubernetes.io/editdocs#docs/user-guide/simple-yaml.md
url is https://kubernetes.io/editdocs#docs/admin/kubelet.md
error,can't tarnsfer to sync.Mapurl is https://kubernetes.io/editdocs#docs/tasks/tools/install-kubectl.md
url is https://kubernetes.io/docs/concepts/cluster-administration/authenticate-across-clusters-kubeconfig/
url is https://kubernetes.io/docs/tasks/administer-cluster/share-configuration/
url is https://kubernetes.io/docs/user-guide/quick-start
url is https://kubernetes.io/editdocs#docs/tasks/tools/install-minikube.md
url is https://kubernetes.io/editdocs#docs/setup/independent/install-kubeadm.md
url is https://kubernetes.io/docs/concepts/services-networking/service
url is https://kubernetes.io/editdocs#docs/tasks/configure-pod-container/assign-cpu-resource.md
url is https://kubernetes.io/editdocs#docs/tasks/configure-pod-container/quality-service-pod.md
url is https://kubernetes.io/editdocs#docs/tasks/configure-pod-container/opaque-integer-resource.md
url is https://kubernetes.io/editdocs#docs/tasks/configure-pod-container/configure-volume-storage.md
url is https://kubernetes.io/docs/api-reference/v1.7/#podspec-v1-core
url is https://kubernetes.io/docs/api-reference/v1.7/#volume-v1-core
url is https://kubernetes.io/editdocs#docs/tasks/configure-pod-container/configure-persistent-volume-storage.md
url is https://kubernetes.io/docs/resources-reference/v1.7/#storageclass-v1-storage
url is https://kubernetes.io/docs/concepts/storage/persistent-volumes/#class
url is https://kubernetes.io/docs/resources-reference/v1.7/#persistentvolume-v1-core
url is https://kubernetes.io/docs/resources-reference/v1.7/#persistentvolumespec-v1-core
url is https://kubernetes.io/docs/resources-reference/v1.7/#persistentvolumeclaim-v1-core
url is https://kubernetes.io/docs/resources-reference/v1.7/#persistentvolumeclaimspec-v1-core
url is https://kubernetes.io/editdocs#docs/tasks/configure-pod-container/configure-projected-volume-storage.md
url is https://kubernetes.io/docs/concepts/storage/volumes/#projected
url is https://kubernetes.io/editdocs#docs/tasks/configure-pod-container/security-context.md
url is https://kubernetes.io/docs/api-reference/v1.7/#podsecuritycontext-v1-core
url is https://kubernetes.io/docs/api-reference/v1.7/#securitycontext-v1-core
url is https://kubernetes.io/docs/api-reference/v1.7/#selinuxoptions-v1-core
url is https://kubernetes.io/editdocs#docs/tasks/configure-pod-container/configure-service-account.md
url is https://kubernetes.io/docs/admin/service-accounts-admin
url is https://kubernetes.io/docs/user-guide/working-with-resources/#resources-are-automatically-modified
url is https://kubernetes.io/docs/user-guide/accessing-the-cluster/#accessing-the-api-from-a-pod
url is https://kubernetes.io/docs/admin/authorization/#a-quick-note-on-service-accounts
url is https://kubernetes.io/editdocs#docs/tasks/configure-pod-container/pull-image-private-registry.md
url is https://kubernetes.io/docs/concepts/containers/images/#using-a-private-registry
url is https://kubernetes.io/docs/user-guide/kubectl/v1.6/#-em-secret-docker-registry-em-
url is https://kubernetes.io/docs/api-reference/v1.7/#secret-v1-core
url is https://kubernetes.io/editdocs#docs/tasks/configure-pod-container/assign-pods-nodes.md
url is https://kubernetes.io/editdocs#docs/tasks/configure-pod-container/configure-pod-initialization.md
url is https://kubernetes.io/docs/tasks/configure-pod-container/communicate-containers-same-pod/
url is https://kubernetes.io/editdocs#docs/tasks/configure-pod-container/attach-handler-lifecycle-event.md
url is https://kubernetes.io/docs/user-guide/pods/#termination-of-pods
url is https://kubernetes.io/docs/resources-reference/v1.7/#lifecycle-v1-core
url is https://kubernetes.io/docs/resources-reference/v1.7/#container-v1-core
url is https://kubernetes.io/editdocs#docs/tasks/configure-pod-container/configure-pod-configmap.md
url is https://kubernetes.io/docs/tasks/configure-pod-container/configmap.html
url is https://kubernetes.io/docs/concepts/configuration/secret#using-secrets-as-files-from-a-pod
url is https://kubernetes.io/docs/user-guide/namespaces/
url is https://kubernetes.io/editdocs#docs/tools/kompose/user-guide.md
url is https://kubernetes.io/docs/conversion.md
catch 404 error: https://kubernetes.io/docs/conversion.md
url is https://kubernetes.io/editdocs#docs/tasks/inject-data-application/define-command-argument-container.md
url is https://kubernetes.io/docs/user-guide/containers/
url is https://kubernetes.io/editdocs#docs/tasks/inject-data-application/define-environment-variable-container.md
url is https://kubernetes.io/docs/tasks/configure-pod-container/environment-variable-expose-pod-information/
url is https://kubernetes.io/docs/user-guide/secrets/#using-secrets-as-environment-variables
url is https://kubernetes.io/docs/api-reference/v1.7/#envvarsource-v1-core
url is https://kubernetes.io/editdocs#docs/tasks/inject-data-application/environment-variable-expose-pod-information.md
url is https://kubernetes.io/docs/resources-reference/v1.7/#downwardapivolumefile-v1-core
url is https://kubernetes.io/docs/resources-reference/v1.7/#envvar-v1-core
url is https://kubernetes.io/docs/tasks/configure-pod-container/define-environment-variable-container/
url is https://kubernetes.io/docs/resources-reference/v1.7/#envvarsource-v1-core
url is https://kubernetes.io/docs/resources-reference/v1.7/#objectfieldselector-v1-core
url is https://kubernetes.io/docs/resources-reference/v1.7/#resourcefieldselector-v1-core
url is https://kubernetes.io/editdocs#docs/tasks/inject-data-application/downward-api-volume-expose-pod-information.md
url is https://kubernetes.io/docs/resources-reference/v1.7/#volume-v1-core
url is https://kubernetes.io/docs/resources-reference/v1.7/#downwardapivolumesource-v1-core
url is https://kubernetes.io/editdocs#docs/tasks/inject-data-application/distribute-credentials-secure.md
url is https://kubernetes.io/editdocs#docs/tasks/inject-data-application/podpreset.md
url is https://kubernetes.io/editdocs#docs/tasks/run-application/update-api-object-kubectl-patch.md
url is https://kubernetes.io/docs/user-guide/kubectl/v1.7/#replace
url is https://kubernetes.io/docs/user-guide/kubectl/v1.7/#update
url is https://kubernetes.io/editdocs#docs/tasks/run-application/upgrade-pet-set-to-stateful-set.md
url is https://kubernetes.io/docs/admin/cluster-management/#upgrading-a-cluster
url is https://kubernetes.io/docs/tasks/manage-stateful-set/scale-stateful-set/
url is https://kubernetes.io/editdocs#docs/tasks/run-application/scale-stateful-set.md
url is https://kubernetes.io/docs/concepts/cluster-administration/manage-deployment/#in-place-updates-of-resources
url is https://kubernetes.io/docs/tasks/manage-stateful-set/deleting-a-statefulset/
url is https://kubernetes.io/editdocs#docs/tasks/run-application/delete-stateful-set.md
url is https://kubernetes.io/docs/tasks/manage-stateful-set/delete-pods/
url is https://kubernetes.io/editdocs#docs/tasks/run-application/force-delete-stateful-set-pod.md
url is https://kubernetes.io/docs/admin/node/#node-condition
url is https://kubernetes.io/docs/tasks/manage-stateful-set/debugging-a-statefulset/
url is https://kubernetes.io/editdocs#docs/tasks/run-application/horizontal-pod-autoscale-walkthrough.md
url is https://kubernetes.io/docs/user-guide/horizontal-pod-autoscaling/#support-for-custom-metrics
url is https://kubernetes.io/docs/user-guide/horizontal-pod-autoscaling/image/Dockerfile
url is https://kubernetes.io/docs/user-guide/horizontal-pod-autoscaling/image/index.php
url is https://kubernetes.io/docs/user-guide/horizontal-pod-autoscaling/hpa-php-apache.yaml
url is https://kubernetes.io/editdocs#docs/tasks/run-application/configure-pdb.md
url is https://kubernetes.io/editdocs#docs/tasks/job/parallel-processing-expansion.md
url is https://kubernetes.io/docs/user-guide/labels/#syntax-and-character-set
url is https://kubernetes.io/docs/concepts/jobs/run-to-completion-finite-workloads/#job-patterns
url is https://kubernetes.io/editdocs#docs/tasks/job/coarse-parallel-processing-work-queue/index.md
url is https://kubernetes.io/editdocs#docs/tasks/job/fine-parallel-processing-work-queue/index.md
url is https://kubernetes.io/editdocs#docs/tasks/access-application-cluster/web-ui-dashboard.md
url is https://kubernetes.io/docs/tasks/configure-pod-container/limit-range/
url is https://kubernetes.io/docs/user-guide/containers/#containers-and-commands
url is https://kubernetes.io/docs/user-guide/pods/#privileged-mode-for-pod-containers
url is https://kubernetes.io/editdocs#docs/tasks/access-application-cluster/access-cluster.md
url is https://kubernetes.io/docs/user-guide/kubectl/index
url is https://kubernetes.io/docs/user-guide/kubectl/v1.6/#proxy
url is https://kubernetes.io/docs/user-guide/kubeconfig-file
url is https://kubernetes.io/docs/user-guide/kubectl/v1.6/#expose
url is https://kubernetes.io/docs/user-guide/kubectl/v1.6/#exec
url is https://kubernetes.io/editdocs#docs/tasks/access-application-cluster/configure-access-multiple-clusters.md
url is https://kubernetes.io/editdocs#docs/tasks/access-application-cluster/port-forward-access-application-cluster.md
url is https://kubernetes.io/docs/user-guide/kubectl/v1.6/#port-forward
url is https://kubernetes.io/editdocs#docs/tasks/access-application-cluster/load-balance-access-application-cluster.md
url is https://kubernetes.io/editdocs#docs/tasks/access-application-cluster/connecting-frontend-backend.md
url is https://kubernetes.io/docs/tasks/access-application-cluster/frontend/Dockerfile
url is https://kubernetes.io/editdocs#docs/tasks/access-application-cluster/create-external-load-balancer.md
url is https://kubernetes.io/docs/user-guide/services/operations/#service-configuration-file
url is https://kubernetes.io/editdocs#docs/tasks/access-application-cluster/configure-cloud-provider-firewall.md
url is https://kubernetes.io/editdocs#docs/tasks/access-application-cluster/list-all-running-container-images.md
url is https://kubernetes.io/editdocs#docs/tasks/access-application-cluster/communicate-containers-same-pod-shared-volume.md
url is https://kubernetes.io/editdocs#docs/tasks/debug-application-cluster/get-shell-running-container.md
url is https://kubernetes.io/editdocs#docs/tasks/debug-application-cluster/monitor-node-health.md
url is https://kubernetes.io/docs/concepts/architecture/nodes/#condition
url is https://kubernetes.io/docs/api-reference/v1.7/#event-v1-core
url is https://kubernetes.io/docs/admin/node-problem/#support-other-log-format
url is https://kubernetes.io/docs/admin/cluster-large/#addon-resources
url is https://kubernetes.io/editdocs#docs/tasks/debug-application-cluster/logging-stackdriver.md
url is https://kubernetes.io/docs/concepts/cluster-administration/logging#using-a-sidecar-container-with-the-logging-agent
url is https://kubernetes.io/docs/tasks/debug-application-cluster/counter-pod.yaml
url is https://kubernetes.io/editdocs#docs/tasks/debug-application-cluster/events-stackdriver.md
url is https://kubernetes.io/editdocs#docs/tasks/debug-application-cluster/logging-elasticsearch-kibana.md
url is https://kubernetes.io/docs/concepts/cluster-administration/access-cluster/#accessing-services-running-on-the-cluster
url is https://kubernetes.io/docs/user-guide/accessing-the-cluster/#accessing-services-running-on-the-cluster
url is https://kubernetes.io/editdocs#docs/tasks/debug-application-cluster/determine-reason-pod-failure.md
url is https://kubernetes.io/editdocs#docs/tasks/debug-application-cluster/debug-init-containers.md
url is https://kubernetes.io/docs/concepts/abstractions/init-containers/
url is https://kubernetes.io/docs/tasks/configure-pod-container/configure-pod-initialization/#creating-a-pod-that-has-an-init-container/
url is https://kubernetes.io/editdocs#docs/tasks/debug-application-cluster/debug-pod-replication-controller.md
url is https://kubernetes.io/docs/admin/cluster-management/#resizing-a-cluster
url is https://kubernetes.io/docs/user-guide/pods/single-container/#deleting_a_pod
url is https://kubernetes.io/editdocs#docs/tasks/debug-application-cluster/debug-service.md
url is https://kubernetes.io/docs/tasks/debug-application-cluster/debug-pod-replication-controller/#debugging-pods
url is https://kubernetes.io/docs/troubleshooting/#slack
url is https://kubernetes.io/editdocs#docs/tasks/debug-application-cluster/debug-cluster.md
url is https://kubernetes.io/docs/tasks/debug-application-cluster/debug-application
url is https://kubernetes.io/editdocs#docs/tasks/debug-application-cluster/debug-application.md
url is https://kubernetes.io/docs/admin/cluster-troubleshooting
url is https://kubernetes.io/docs/user-guide/compute-resources/#my-pods-are-pending-with-event-message-failedscheduling
url is https://kubernetes.io/docs/user-guide/debugging-services
url is https://kubernetes.io/editdocs#docs/tasks/debug-application-cluster/debug-stateful-set.md
url is https://kubernetes.io/docs/user-guide/debugging-pods-and-replication-controllers/#debugging-pods
url is https://kubernetes.io/docs/tasks/troubleshoot/debug-init-containers/
url is https://kubernetes.io/editdocs#docs/tasks/debug-application-cluster/audit.md
url is https://kubernetes.io/docs/admin/authorization/#determine-the-request-verb
url is https://kubernetes.io/editdocs#docs/tasks/access-kubernetes-api/http-proxy-access-api.md
url is https://kubernetes.io/editdocs#docs/tasks/access-kubernetes-api/extend-api-custom-resource-definitions.md
url is https://kubernetes.io/editdocs#docs/tasks/access-kubernetes-api/extend-api-third-party-resource.md
url is https://kubernetes.io/docs/reference/deprecation-policy
url is https://kubernetes.io/editdocs#docs/tasks/access-kubernetes-api/migrate-third-party-resource.md
url is https://kubernetes.io/docs/concepts/api-extension/custom-resources/#customresourcedefinitions
url is https://kubernetes.io/editdocs#docs/tasks/access-kubernetes-api/configure-aggregation-layer.md
url is https://kubernetes.io/editdocs#docs/tasks/access-kubernetes-api/setup-extension-api-server.md
url is https://kubernetes.io/editdocs#docs/tasks/tls/managing-tls-in-a-cluster.md
url is https://kubernetes.io/docs/admin/authentication#x509-client-certs
url is https://kubernetes.io/editdocs#docs/tasks/administer-cluster/memory-default-namespace.md
url is https://kubernetes.io/editdocs#docs/tasks/administer-cluster/cpu-default-namespace.md
url is https://kubernetes.io/editdocs#docs/tasks/administer-cluster/memory-constraint-namespace.md
url is https://kubernetes.io/docs/api-reference/v1.6/#limitrange-v1-core
url is https://kubernetes.io/editdocs#docs/tasks/administer-cluster/cpu-constraint-namespace.md
url is https://kubernetes.io/docs/tasks/administer-cluster/quota-memory-cpu-namespace
url is https://kubernetes.io/editdocs#docs/tasks/administer-cluster/quota-memory-cpu-namespace.md
url is https://kubernetes.io/docs/api-reference/v1.7/#resourcequota-v1-core
url is https://kubernetes.io/editdocs#docs/tasks/administer-cluster/quota-pod-namespace.md
url is https://kubernetes.io/editdocs#docs/tasks/administer-cluster/quota-api-object.md
url is https://kubernetes.io/editdocs#docs/tasks/administer-cluster/opaque-integer-resource-node.md
url is https://kubernetes.io/editdocs#docs/tasks/administer-cluster/access-cluster-api.md
url is https://kubernetes.io/editdocs#docs/tasks/administer-cluster/access-cluster-services.md
url is https://kubernetes.io/editdocs#docs/tasks/administer-cluster/securing-a-cluster.md
url is https://kubernetes.io/docs/admin/admission-controllers/#noderestriction
url is https://kubernetes.io/docs/admin/limitrange
url is https://kubernetes.io/docs/admin/audit/
url is https://kubernetes.io/editdocs#docs/tasks/administer-cluster/encrypt-data.md
url is https://kubernetes.io/editdocs#docs/tasks/administer-cluster/configure-upgrade-etcd.md
url is https://kubernetes.io/editdocs#docs/tasks/administer-cluster/static-pod.md
url is https://kubernetes.io/editdocs#docs/tasks/administer-cluster/cluster-management.md
url is https://kubernetes.io/docs/admin/upgrade-1-6
url is https://kubernetes.io/docs/admin/node/#self-registration-of-nodes
url is https://kubernetes.io/docs/user-guide/kubectl/v1.6/#convert
url is https://kubernetes.io/editdocs#docs/tasks/administer-cluster/upgrade-1-6.md
url is https://kubernetes.io/editdocs#docs/tasks/administer-cluster/kubeadm-upgrade-1-7.md
url is https://kubernetes.io/editdocs#docs/tasks/administer-cluster/namespaces.md
url is https://kubernetes.io/docs/admin/namespaces/namespace-dev.json
url is https://kubernetes.io/docs/concepts/overview/working-with-objects/namespaces/#setting-the-namespace-preference
url is https://kubernetes.io/docs/concepts/overview/working-with-objects/namespaces/#setting-the-namespace-for-a-request
url is https://kubernetes.io/editdocs#docs/tasks/administer-cluster/namespaces-walkthrough.md
url is https://kubernetes.io/editdocs#docs/tasks/administer-cluster/dns-horizontal-autoscaling.md
url is https://kubernetes.io/editdocs#docs/tasks/administer-cluster/safely-drain-node.md
url is https://kubernetes.io/docs/tasks/#lifecycle-hooks-and-termination-notice
url is https://kubernetes.io/docs/tasks/administer-cluster/access-cluster-api/#programmatic-access-to-the-api
url is https://kubernetes.io/editdocs#docs/tasks/administer-cluster/out-of-resource.md
url is https://kubernetes.io/docs/tasks/administer-cluster/reserve-compute-resources/#node-allocatable
url is https://kubernetes.io/docs/concepts/cluster-administration/out-of-resource/memory-available.sh
url is https://kubernetes.io/editdocs#docs/tasks/administer-cluster/reserve-compute-resources.md
url is https://kubernetes.io/editdocs#docs/tasks/administer-cluster/guaranteed-scheduling-critical-addon-pods.md
url is https://kubernetes.io/editdocs#docs/tasks/administer-cluster/declare-network-policy.md
url is https://kubernetes.io/docs/tasks/configure-pod-container/calico-network-policy/
url is https://kubernetes.io/docs/tasks/configure-pod-container/romana-network-policy/
url is https://kubernetes.io/docs/tasks/configure-pod-container/weave-network-policy/
url is https://kubernetes.io/editdocs#docs/tasks/administer-cluster/calico-network-policy.md
url is https://kubernetes.io/editdocs#docs/tasks/administer-cluster/cilium-network-policy.md
url is https://kubernetes.io/editdocs#docs/tasks/administer-cluster/kube-router-network-policy.md
url is https://kubernetes.io/editdocs#docs/tasks/administer-cluster/romana-network-policy.md
url is https://kubernetes.io/editdocs#docs/tasks/administer-cluster/weave-network-policy.md
url is https://kubernetes.io/editdocs#docs/tasks/administer-cluster/change-pv-reclaim-policy.md
url is https://kubernetes.io/docs/api-reference/v1.7/#persistentvolume-v1-core
url is https://kubernetes.io/docs/api-reference/v1.7/#persistentvolumeclaim-v1-core
url is https://kubernetes.io/editdocs#docs/tasks/administer-cluster/limit-storage-consumption.md
url is https://kubernetes.io/editdocs#docs/tasks/administer-cluster/change-default-storage-class.md
url is https://kubernetes.io/docs/user-guide/persistent-volumes/#class-1
url is https://kubernetes.io/editdocs#docs/tasks/administer-cluster/running-cloud-controller.md
url is https://kubernetes.io/editdocs#docs/tasks/administer-cluster/highly-available-master.md
url is https://kubernetes.io/editdocs#docs/tasks/administer-cluster/configure-multiple-schedulers.md
url is https://kubernetes.io/editdocs#docs/tasks/administer-cluster/ip-masq-agent.md
url is https://kubernetes.io/editdocs#docs/tasks/administer-cluster/dns-custom-nameservers.md
url is https://kubernetes.io/editdocs#docs/tasks/federation/federation-service-discovery.md
url is https://kubernetes.io/docs/user-guide/services/#external-ips
url is https://kubernetes.io/editdocs#docs/tasks/federation/set-up-cluster-federation-kubefed.md
url is https://kubernetes.io/docs/user-guide/persistent-volumes/#dynamic
url is https://kubernetes.io/docs/user-guide/persistent-volumes/#persistent-volumes
url is https://kubernetes.io/docs/tutorials/federation/set-up-coredns-provider-federation/
url is https://kubernetes.io/docs/admin/kubefed_join
url is https://kubernetes.io/docs/user-guide/identifiers/#names
url is https://kubernetes.io/docs/admin/kubefed_unjoin
url is https://kubernetes.io/editdocs#docs/tasks/federation/set-up-coredns-provider-federation.md
url is https://kubernetes.io/editdocs#docs/tasks/federation/set-up-placement-policies-federation.md
url is https://kubernetes.io/editdocs#docs/tasks/administer-federation/cluster.md
url is https://kubernetes.io/docs/tutorials/federation/set-up-cluster-federation-kubefed/#adding-a-cluster-to-a-federation
url is https://kubernetes.io/docs/tutorials/federation/set-up-cluster-federation-kubefed/#removing-a-cluster-from-a-federation
url is https://kubernetes.io/docs/reference/federation/v1beta1/definitions/#_v1beta1_clusterselector
url is https://kubernetes.io/editdocs#docs/tasks/administer-federation/configmap.md
url is https://kubernetes.io/editdocs#docs/tasks/administer-federation/daemonset.md
url is https://kubernetes.io/editdocs#docs/tasks/administer-federation/deployment.md
url is https://kubernetes.io/editdocs#docs/tasks/administer-federation/events.md
url is https://kubernetes.io/editdocs#docs/tasks/administer-federation/ingress.md
url is https://kubernetes.io/editdocs#docs/tasks/administer-federation/namespaces.md
url is https://kubernetes.io/editdocs#docs/tasks/administer-federation/replicaset.md
url is https://kubernetes.io/editdocs#docs/tasks/administer-federation/secret.md
url is https://kubernetes.io/editdocs#docs/tasks/manage-daemon/update-daemon-set.md
url is https://kubernetes.io/docs/tasks/configure-pod-container/configure-pod-disruption-budget/
url is https://kubernetes.io/editdocs#docs/tasks/manage-daemon/rollback-daemon-set.md
url is https://kubernetes.io/docs/tasks/manage-daemon/update-daemon-set/#troubleshooting
url is https://kubernetes.io/editdocs#docs/tasks/manage-gpus/scheduling-gpus.md
url is https://kubernetes.io/docs/concepts/configuration/assign-pod-node/#affinity-and-anti-affinity
error,can't tarnsfer to sync.Mapurl is https://kubernetes.io/editdocs#docs/admin/authorization/rbac.md
url is https://kubernetes.io/docs/admin/dns/
url is https://kubernetes.io/docs/user-guide/persistent-volumes/#provisioner
url is https://kubernetes.io/editdocs#docs/admin/kube-controller-manager.md
url is https://kubernetes.io/editdocs#docs/admin/admission-controllers.md
url is https://kubernetes.io/docs/admin/extensible-admission-controllers
url is https://kubernetes.io/docs/tasks/inject-data-application/podpreset
url is https://kubernetes.io/docs/user-guide/pod-security-policy
url is https://kubernetes.io/editdocs#docs/setup/independent/create-cluster-kubeadm.md
url is https://kubernetes.io/docs/admin/kubeadm
url is https://kubernetes.io/docs/tasks/administer-cluster/kubeadm-upgrade-1-7
url is https://kubernetes.io/docs/admin/kubeadm/#manage-tokens
url is https://kubernetes.io/docs/concepts/services-networking/networkpolicies/
url is https://kubernetes.io/editdocs#docs/getting-started-guides/scratch.md
url is https://kubernetes.io/docs/admin/networking#how-to-achieve-this
url is https://kubernetes.io/docs/tasks/configure-pod-container/declare-network-policy/
url is https://kubernetes.io/docs/admin/authentication/#creating-certificates
url is https://kubernetes.io/docs/admin/cluster-components/#addons
url is https://kubernetes.io/docs/getting-started-guides/gce/#inspect-your-cluster
url is https://kubernetes.io/docs/tutorials/stateless-application/deployment.yaml
url is https://kubernetes.io/docs/getting-started-guides/gce#troubleshooting
url is https://kubernetes.io/docs/troubleshooting#slack
url is https://kubernetes.io/docs/getting-started-guides/#table-of-solutions
url is https://kubernetes.io/editdocs#docs/getting-started-guides/alternatives.md
url is https://kubernetes.io/editdocs#docs/getting-started-guides/gce.md
url is https://kubernetes.io/docs/getting-started-guides/gce/#troubleshooting
url is https://kubernetes.io/docs/user-guide/simple-nginx
url is https://kubernetes.io/docs/
url is https://kubernetes.io/editdocs#docs/getting-started-guides/aws.md
url is https://kubernetes.io/editdocs#docs/getting-started-guides/azure.md
url is https://kubernetes.io/editdocs#docs/getting-started-guides/alibaba-cloud.md
url is https://kubernetes.io/editdocs#docs/getting-started-guides/clc.md
url is https://kubernetes.io/editdocs#docs/getting-started-guides/stackpoint.md
url is https://kubernetes.io/editdocs#docs/getting-started-guides/coreos/index.md
url is https://kubernetes.io/editdocs#docs/getting-started-guides/ubuntu/index.md
url is https://kubernetes.io/docs/getting-started-guides/ubuntu/installation
url is https://kubernetes.io/docs/getting-started-guides/ubuntu/validation
url is https://kubernetes.io/docs/getting-started-guides/ubuntu/backups
url is https://kubernetes.io/docs/getting-started-guides/ubuntu/upgrades
url is https://kubernetes.io/docs/getting-started-guides/ubuntu/scaling
url is https://kubernetes.io/docs/getting-started-guides/ubuntu/logging
url is https://kubernetes.io/docs/getting-started-guides/ubuntu/monitoring
url is https://kubernetes.io/docs/getting-started-guides/ubuntu/networking
url is https://kubernetes.io/docs/getting-started-guides/ubuntu/security
url is https://kubernetes.io/docs/getting-started-guides/ubuntu/storage
url is https://kubernetes.io/docs/getting-started-guides/ubuntu/troubleshooting
url is https://kubernetes.io/docs/getting-started-guides/ubuntu/decommissioning
url is https://kubernetes.io/docs/getting-started-guides/ubuntu/operational-considerations
url is https://kubernetes.io/docs/getting-started-guides/ubuntu/glossary
url is https://kubernetes.io/editdocs#docs/getting-started-guides/kops.md
url is https://kubernetes.io/editdocs#docs/getting-started-guides/kubespray.md
url is https://kubernetes.io/editdocs#docs/getting-started-guides/cloudstack.md
url is https://kubernetes.io/editdocs#docs/getting-started-guides/vsphere.md
url is https://kubernetes.io/docs/concepts/storage/persistent-volumes/#vsphere
url is https://kubernetes.io/docs/concepts/storage/volumes/#vspherevolume
url is https://kubernetes.io/editdocs#docs/getting-started-guides/photon-controller.md
url is https://kubernetes.io/docs/getting-started-guides/binary_release
url is https://kubernetes.io/docs/concepts/services-networking/ingress/#ingress-controllers
url is https://kubernetes.io/editdocs#docs/getting-started-guides/dcos.md
url is https://kubernetes.io/editdocs#docs/getting-started-guides/libvirt-coreos.md
url is https://kubernetes.io/editdocs#docs/getting-started-guides/ovirt.md
url is https://kubernetes.io/editdocs#docs/getting-started-guides/openstack-heat.md
url is https://kubernetes.io/docs/admin/salt/#standalone-salt-configuration-on-gce-and-others
url is https://kubernetes.io/editdocs#docs/getting-started-guides/rkt/index.md
url is https://kubernetes.io/docs/admin/kubeadm/#use-kubeadm-with-other-cri-runtimes
url is https://kubernetes.io/docs/getting-started-guides/scratch/#kubelet
url is https://kubernetes.io/docs/getting-started-guides/scratch/#kube-proxy
url is https://kubernetes.io/editdocs#docs/getting-started-guides/rkt/notes.md
url is https://kubernetes.io/docs/concepts/workloads/pods/init-containers
url is https://kubernetes.io/editdocs#docs/getting-started-guides/mesos/index.md
url is https://kubernetes.io/editdocs#docs/getting-started-guides/mesos-docker.md
url is https://kubernetes.io/editdocs#docs/getting-started-guides/coreos/bare_metal_offline.md
url is https://kubernetes.io/docs/getting-started-guides/coreos/cloud-configs/master.yaml
url is https://kubernetes.io/docs/getting-started-guides/coreos/cloud-configs/node.yaml
url is https://kubernetes.io/editdocs#docs/getting-started-guides/fedora/fedora_ansible_config.md
url is https://kubernetes.io/editdocs#docs/getting-started-guides/fedora/fedora_manual_config.md
url is https://kubernetes.io/editdocs#docs/getting-started-guides/fedora/flannel_multi_node_cluster.md
url is https://kubernetes.io/editdocs#docs/getting-started-guides/centos/centos_manual_config.md
url is https://kubernetes.io/editdocs#docs/getting-started-guides/ubuntu/validation.md
url is https://kubernetes.io/editdocs#docs/getting-started-guides/ubuntu/backups.md
url is https://kubernetes.io/editdocs#docs/getting-started-guides/ubuntu/upgrades.md
url is https://kubernetes.io/editdocs#docs/getting-started-guides/ubuntu/scaling.md
url is https://kubernetes.io/editdocs#docs/getting-started-guides/ubuntu/installation.md
url is https://kubernetes.io/editdocs#docs/getting-started-guides/ubuntu/monitoring.md
url is https://kubernetes.io/editdocs#docs/getting-started-guides/ubuntu/networking.md
url is https://kubernetes.io/editdocs#docs/getting-started-guides/ubuntu/security.md
url is https://kubernetes.io/editdocs#docs/getting-started-guides/ubuntu/storage.md
url is https://kubernetes.io/editdocs#docs/getting-started-guides/ubuntu/troubleshooting.md
url is https://kubernetes.io/editdocs#docs/getting-started-guides/ubuntu/decommissioning.md
url is https://kubernetes.io/editdocs#docs/getting-started-guides/ubuntu/operational-considerations.md
url is https://kubernetes.io/editdocs#docs/getting-started-guides/ubuntu/glossary.md
url is https://kubernetes.io/editdocs#docs/getting-started-guides/ubuntu/local.md
url is https://kubernetes.io/editdocs#docs/getting-started-guides/ubuntu/logging.md
url is https://kubernetes.io/editdocs#docs/getting-started-guides/windows/index.md
url is https://kubernetes.io/editdocs#docs/admin/node-conformance.md
url is https://kubernetes.io/editdocs#docs/concepts/cluster-administration/addons.md
url is https://kubernetes.io/editdocs#docs/admin/salt.md
url is https://kubernetes.io/editdocs#docs/admin/cluster-large.md
url is https://kubernetes.io/docs/concepts/configuration/manage-compute-resources-container/#troubleshooting
url is https://kubernetes.io/editdocs#docs/admin/multiple-zones.md
url is https://kubernetes.io/editdocs#docs/admin/high-availability/index.md
url is https://kubernetes.io/docs/admin/high-availability/default-kubelet
url is https://kubernetes.io/docs/admin/high-availability/monit-kubelet
url is https://kubernetes.io/docs/admin/high-availability/monit-docker
url is https://kubernetes.io/docs/admin/high-availability/etcd.yaml
url is https://kubernetes.io/docs/admin/high-availability/kube-apiserver.yaml
url is https://kubernetes.io/docs/admin/high-availability/kube-scheduler.yaml
url is https://kubernetes.io/docs/admin/high-availability/kube-controller-manager.yaml
url is https://kubernetes.io/editdocs#docs/getting-started-guides/binary_release.md
url is https://kubernetes.io/docs/getting-started-guides
url is https://kubernetes.io/editdocs#docs/admin/kube-apiserver.md
url is https://kubernetes.io/editdocs#docs/admin/kube-scheduler.md
url is https://kubernetes.io/editdocs#docs/admin/kube-proxy.md
url is https://kubernetes.io/editdocs#docs/reference/client-libraries.md
url is https://kubernetes.io/docs/tasks/access-application-cluster/authenticate-across-clusters-kubeconfig/
url is https://kubernetes.io/editdocs#docs/admin/accessing-the-api.md
url is https://kubernetes.io/docs/user-guide/accessing-the-cluster
url is https://kubernetes.io/editdocs#docs/admin/authentication.md
url is https://kubernetes.io/docs/tasks/tls/managing-tls-in-a-cluster
url is https://kubernetes.io/editdocs#docs/admin/bootstrap-tokens.md
url is https://kubernetes.io/editdocs#docs/admin/extensible-admission-controllers.md
url is https://kubernetes.io/editdocs#docs/admin/service-accounts-admin.md
url is https://kubernetes.io/editdocs#docs/admin/authorization/abac.md
url is https://kubernetes.io/editdocs#docs/admin/authorization/node.md
url is https://kubernetes.io/docs/admin/admission-controllers#NodeRestriction
url is https://kubernetes.io/editdocs#docs/admin/authorization/webhook.md
url is https://kubernetes.io/editdocs#docs/reference/deprecation-policy.md
url is https://kubernetes.io/docs/reference/api-overview/#api-versioning
error,can't tarnsfer to sync.Mapurl is https://kubernetes.io/docs/concepts/configuration/assign-pod-node/#nodeselector
url is https://kubernetes.io/editdocs#docs/reference/labels-annotations-taints.md
url is https://kubernetes.io/docs/concepts/services-networking/service/#publishing-services
error,can't tarnsfer to sync.Mapurl is https://kubernetes.io/editdocs#docs/user-guide/docker-cli-to-kubectl.md
url is https://kubernetes.io/docs/user-guide/kubectl/v1.7/#attach
url is https://kubernetes.io/docs/tasks/kubectl/get-shell-running-container/
url is https://kubernetes.io/docs/user-guide/kubectl/v1.7/#version
url is https://kubernetes.io/docs/user-guide/kubectl/v1.7/#cluster-info
url is https://kubernetes.io/editdocs#docs/user-guide/kubectl-conventions.md
url is https://kubernetes.io/docs/concepts/cluster-administration/manage-deployment/#kubectl-apply
url is https://kubernetes.io/editdocs#docs/user-guide/jsonpath.md
url is https://kubernetes.io/editdocs#docs/user-guide/kubectl-cheatsheet.md
url is https://kubernetes.io/editdocs#docs/admin/kubeadm.md
url is https://kubernetes.io/editdocs#docs/admin/kubefed.md
url is https://kubernetes.io/editdocs#docs/admin/kubefed_options.md
url is https://kubernetes.io/editdocs#docs/admin/kubefed_init.md
url is https://kubernetes.io/editdocs#docs/admin/kubefed_join.md
url is https://kubernetes.io/editdocs#docs/admin/kubefed_unjoin.md
url is https://kubernetes.io/editdocs#docs/admin/kubefed_version.md
url is https://kubernetes.io/editdocs#docs/admin/federation-apiserver.md
url is https://kubernetes.io/editdocs#docs/admin/federation-controller-manager.md
url is https://kubernetes.io/editdocs#docs/admin/ovs-networking.md
url is https://kubernetes.io/editdocs#docs/reference/security.md
url is https://kubernetes.io/editdocs#docs/search.md
url is https://kubernetes.io/editdocs#docs/user-guide/kubectl/index.md
url is https://kubernetes.io/docs/user-guide/kubectl/v1.7/#api-versions
url is https://kubernetes.io/docs/user-guide/kubectl/v1.7/#autoscale
url is https://kubernetes.io/docs/user-guide/kubectl/v1.7/#certificate
url is https://kubernetes.io/docs/user-guide/kubectl/v1.7/#completion
url is https://kubernetes.io/docs/user-guide/kubectl/v1.7/#config
url is https://kubernetes.io/docs/user-guide/kubectl/v1.7/#convert
url is https://kubernetes.io/docs/user-guide/kubectl/v1.7/#cp
url is https://kubernetes.io/docs/user-guide/kubectl/v1.7/#describe
url is https://kubernetes.io/docs/user-guide/kubectl/v1.7/#explain
url is https://kubernetes.io/docs/user-guide/kubectl/v1.7/#expose
url is https://kubernetes.io/docs/user-guide/kubectl/v1.7/#options
url is https://kubernetes.io/docs/user-guide/kubectl/v1.7/#port-forward
url is https://kubernetes.io/docs/user-guide/kubectl/v1.7/#proxy
url is https://kubernetes.io/docs/user-guide/kubectl/v1.7/#set
url is https://kubernetes.io/docs/user-guide/kubectl/v1.7/#top
error,can't tarnsfer to sync.Maperror,can't tarnsfer to sync.Maperror,can't tarnsfer to sync.Mapurl is https://kubernetes.io/editdocs#docs/admin/kubelet-tls-bootstrapping.md
url is https://kubernetes.io/docs/admin/authentication/#static-token-file
url is https://kubernetes.io/docs/admin/authorization/#checking-api-access
url is https://kubernetes.io/editdocs#docs/admin/kubelet-authentication-authorization.md
url is https://kubernetes.io/docs/admin/authentication/#x509-client-certs
url is https://kubernetes.io/docs/admin/authorization/#request-attributes
error,can't tarnsfer to sync.Maperror,can't tarnsfer to sync.Maperror,can't tarnsfer to sync.Maperror,can't tarnsfer to sync.Maperror,can't tarnsfer to sync.Maperror,can't tarnsfer to sync.Maperror,can't tarnsfer to sync.Maperror,can't tarnsfer to sync.Maperror,can't tarnsfer to sync.Mapurl is https://kubernetes.io/editdocs#docs/admin/federation/index.md
url is https://kubernetes.io/docs/concepts/services-networking/service/#type-loadbalancer
url is https://kubernetes.io/editdocs#docs/reference/federation/index.md
error,can't tarnsfer to sync.Maperror,can't tarnsfer to sync.Maperror,can't tarnsfer to sync.Maperror,can't tarnsfer to sync.Maperror,can't tarnsfer to sync.Maperror,can't tarnsfer to sync.Maperror,can't tarnsfer to sync.Maperror,can't tarnsfer to sync.Maperror,can't tarnsfer to sync.Maperror,can't tarnsfer to sync.Maperror,can't tarnsfer to sync.Maperror,can't tarnsfer to sync.Maperror,can't tarnsfer to sync.Maperror,can't tarnsfer to sync.Maperror,can't tarnsfer to sync.Maperror,can't tarnsfer to sync.Maperror,can't tarnsfer to sync.Maperror,can't tarnsfer to sync.Maperror,can't tarnsfer to sync.Maperror,can't tarnsfer to sync.Maperror,can't tarnsfer to sync.Maperror,can't tarnsfer to sync.Maperror,can't tarnsfer to sync.Maperror,can't tarnsfer to sync.Maperror,can't tarnsfer to sync.Maperror,can't tarnsfer to sync.Maperror,can't tarnsfer to sync.Maperror,can't tarnsfer to sync.Maperror,can't tarnsfer to sync.Maperror,can't tarnsfer to sync.Maperror,can't tarnsfer to sync.Map